gogogoeball
houyouyi
myntpc
ntpd.gov.tw
iron8700
KoChihEn
NTPC119
chiaohui.su
voteforlo
MongKaiHUNG
weare241
1679518028979590
ntctour
wanyu.newtaipeicity
police.xizhi
shirleylu312
wuqiming519
TuChengm
yutian.fans
LeeYongping2019
LoveLuzhou
iSanxia
Wubray
hunglueball
ntpclowcarbon
luzhoupolice
twinklecity
linshufen.fans
yourliweng
banqiaopolice
ilaborntpc
chenweichieh
tpc58801
17shulin
iYingge
ntpd.zhonghe1
WanliCrab
1129gogogo
tsaimingtang
NTPDW
sanchongpolice
ichenchiangichen
Tamsui520
659037314174633
xinzhuangPolice
ntpdj
newtaipeihaishan
268742576664777
a0983130044
sansia.branch
ChihHsiung.H
anita0427
iamyungchang
newtaipeiweishan
mmftpc1
newtaipeifirefly
yuencheng1986
lintefu
ab0609ab
lim22612222
469562983072410
NewTaipeiCityLibrary
yeh.seafood
tamsui.cloud
蔡錦賢-269017619899884
chih.hao2017
239410119414734
481607125279005
jinshan.police.ntpc
xindianpolice
NewTaipeiCityCouncilor
Yonghe.ntpd
22235247gold
ych1206
chenhy2014
mtlo.tw
attorneyivy
e7summer
108484559225077
pinglin.tea.m
ly11051
FansPai
sanchiaoyung
supercoplin
red99uncle
13hangmuseum
clarkliuntc
yousanity
shulinpolice
ssoni
poyu.tseng2016
transportshulin
zhenhaochangntc
fengyaochiu
yonghe1688
BBTtou
e.dream.sindian.fans
imingyi
1564517980427563
NPP.flower
InnoSquare.New.Taipei
318644251942585
NPP.PonPon
artzone435
obs818
smile2tingting
bokaijia
chenshyhrong
ntpctraffic
1398307466905403
146380622053574
TEL29784978
iamBanqiao
cwz1967
wangyeDirector
sandolphinforwin
1410569355864524
cylfans
w0932049097
ongiongsim
serene59tw
linyunghong
bebravechieh
OBS520
LoveDoctorChung
tamsuihistoricalmuseum
iZhonghe.itw
ntpcartcenter
Dongi.Laay
Taludfan
giant54190
SongMingZong
yongan.living.artcenter
268307917429
tucheng1222
iYonghe.itw
XiKunPeople
127528957273297
NewTaipeiYouthCommission
162993337740106
OBSTUNG
daaiworldnews
749287921801174
ctnewsfans
kairos.news
news.dhf
luke54.org
goodtv
topchurch
DaAiTV
slm.wenhsiang.lin.7
This.world.is.hell.9487
bedtime.bible2
hdamtb
asiahumandesign
yourcitynews
2332523016975587
rulaibuddhism
ournewlifechurch
ShenYunTW
tzuchi.org
dzongsarjamyangkhyentse
SethTVorgtw
ydmmatsu
600298896771620
chengsintv
larong.chuling
step30.org
myjesusfashion
SuoDaJiKanBu
1479373282119566
eileen7513
GangshanFair
logosapp
Guan.Yin.Pu.Sa
1026602264159637
JesuitsChinese
pastor.notebook
church1087
jingsi.org
lodrorinchen
UFO.TRM
sethpub
PcTcnn
CosmicCare.org
Shofarrevival
baushatun
486065471776067
shigosanTemple
cnas0778
kingdomrevival
tergartaiwan
rainbowkidstw
LRH.TWN
SethEducationFoundation
doveeysfirstlove
172688419907290
167219930463997
TravelwithMazu
a20150920
behold.oc.org
campus.org.tw
kingdom4jesus
cestw
weproclaimhim
duskoffaith
capitalmsn
vhq7685l
scientology.Kaohsiung.ideal.org
mwr1109
beigangmazu
CCNDA
pastalmighty
damngreatamulet
nfhltw
GreatLightChurch
ReligionUnion
FuXingMsn
callingChinese.Zh
DudjomTaiwan
BronzeJesus.tw
awakeningtw
ilovemazu
sethyouthgroup
ourrainbowheaven
I.am.a.Christian.too
150120841671139
luzhupapago
ReadOverTheMountain
093school
luke54Radio
Brainwashingasshole
nubpa.rinpoche
rulaisea
capitalfans
1521571788103102
WithGaLoveTaiwan
1471772763091863
1006nk
JesseTang11
HornyDragonTW
ddcqqmei
G.E.M.OfficialPage
fumeancats
taiwanlianhuanpao
gn00357648
froggychiu
349279115233929
SIAOHONG
WillsonandTina
EYECTVretina
melody.melodyiam
etman0909
febicat1208
gracetw1988
dollshin.fans
elifephoto
thisgroupofpeople
RayDuEnglish
503lovehome
yanglynnwu
LoveHitomiClub
bobsuruncle
hanahomefood
dream76843
zooofdepression
minamizaleski
Chienseating
YAKOZHAN411
LoveLittleMonsterTW
2baumama
Geekfirm
6tantan
adriannelu
elijahkewley1201
shintaroReview
LAGTOTheBusinessman
mytokyolife
howfunofficial
723326167773780
mira630
sunfatiaoclub
yuci7001
SMALLWINNI
541647519221932
You.Son.Father
zzzzzzzzz9.tw
littlelifer
Keyirou
ShenJieShiSaint
352741434928440
sandymandy0731
engineerhateworld
WifeHubby
fanslingin
swhite523
luckyqmei
Momoyo520
corgijoy
Dancekimiko
godtone3be0
SandyHsu312
charlie.cat
yihugh
jinmurmur
ilovebaijiji
bimay38
weiisly0512
anjoupikachu
arieltsaimusic
fanamericantime
BaiChiGongZhu
K122427
applelovespeach
Dorissfashiondiary
yamutsuri
LoisWonderLand
odanorika
PrincessLindaWu
liketaitai
MiharaKeigo
jzmom
houzspecial
zoe429
kerinaFB
nsfwstudio
fullofwax
hanhanpovideo
wang8egg0220
superstarbobo
emilyposthk
ahh.pp
missowl1206
dimdimsumwayne
candyyangfan
beevivian111
Haitaibear
blackshitshit
haojuju
3xfish
SenYeYeZi
LoveColleenWei
kthu1031
0907Mariko
mr6.cc
YOMANAJXLIL
raby7721
emilyxamelie
baibai750702
margaret1122.fans
pikachung01
tk888888
rexhow.dna
xiaoyumusic
299438037147212
Sundayright.dub
crazyjames787
dzchia.tw
SisJelly
kimberlychen.taiwan
twinseeee
127212100706589
TW.FitMom
DM5Cats
imivychao
gkwwuwu
hellokiki77
miulaperspective
nancytsai2011
eepplove
AChien1212
selinacheng1028
love.cutiecherry
alisabenny
meitaiko
MrsMaWife
lovelyhebe
angelinachen0815
amigoh666
belle.tingting
greatbw
pupupepe3
uniform.map
theyutopia
TaiLaTyra
monstertraining
GGsillypeggy
thecoupleya
ByeByeChuChu
SHOPAHOLICnikki
HELLOFIFI
chichi0099
star741003
michellebuy1217
jzfitnesstaiwan
snowsavory
doubleCATshow
kkerko13
fitness.Sally.Chen
353680541401608
haleyhsu1218
shisunfuchi
honeyqueenfans
ccbaby726
imalleyzh
MLCRAZYBUY
Zeus1123
elsainSG
Corinblogger
taiwanlinyithings
garyykelly
iamsongsong
anbaby88
divyns
ryuuutv
flashandbubble
tsaibrother
k.olc.tw
nikkie860625
lynncareers
OutlanderLiu
lovewinnieho
fatfamily0228
orangeboyfight
gogoami1986
harry.beyondtheborder
canoemann
ally199874
miluson.lu
lovehistoryyellow
cool3c.girls
Panhu.Fans
catpalin
f.deathhell
evelyn17buy
buffettism
princetangerine
galilasiz
504590332928183
bettercallzoe
plainlaw.me
563212453789705
AITW0528
klaw1207
tahrfb
zhouyicriximenpub
Plawyerlife
lawyerlea
legal.taiwan
follawfollaw
LifeLawSalonTW
IPTouring
114443391908103
criminallawnotes.tw
legalaidtw
jrf.tw
LawyerGuitar
SixCodesOneDeath
cowbeilaw
TaipeiBar
eja2010
taiwaninnocence
taiwanmjib
www.jaroc.org.tw
TaiwanTrc
132756483489391
JudgeMeow
2063884560513158
covenantswatch
FFFTax
judges.for.judicial.reform.JJUR
legal.counseling.room
judgeandlawyer
taedpforum
FuriousProsecutor
787868047997820
lawbankonline
Taichung.Prosecutors.Office
justice.needjury
158867201395450
LawKnocking
myLawinshit
TaiwanPigeons
principleofproportionality
KeyboardFawyer
lawsnote
VogueTW
girlsdailytw
marieclaire.tw
elle.tw
PopDailyTW
hoo.jcai
niusnews
tagbeauty
womanqueenwomanqueen
womany.net
PopYummyMag
PopKimchiMag
babyou.com.tw
ETtodaySISTER
PopJapanMag
175499746358
PopUlzzangMag
PopTourMag
lookin.tw
Cosmopolitan.TW
love.nongnong
aottergirls
BAZAAR.TW
thefemin
woman.loveyourself
sina.miss2340
iyufool
starclinic.tw
PopStyleMag
girlhearts88
lovejasminemom
wmwff
womensheart
tobeabetterme
LMSAsia
voce.tw
Share99com
camelia.com.tw
monisclassroom
dappeiforfemale
betweengos
BirthReformAllianceTW
twrf.org
WMoneyBeRich
girl.fans
choc.tw
popgal.tw
wwcodetaipei
vivi.taiwan
girl.tw
sysmewoman
twlandtwh
verymulan
prettyma3c
nvrennvren
fffatale
MakerCchannel
PopCutieMag
nusen.campus
welovewomany
banai.shunz
IncredivilleTW
capoocat
mrhhh
ARAYCOMIX
sickhuman.baxuan
gary6711
doca101
chingchinglus
GabiSDK
theghostgate
mochidad
duncanlindesign
nobodysdaily
markleeblog
howbegin2010
people2
toucheds
MrDoumiao
hair2bug0301
ooppeennkkll9999
sevensdog
rin0726
sinkcomic
cwwany.tw
Blog.XiangGu
nonie0610
nowepo
Nisinsheep
onionman4704
allcaneat
sweethouse.SL
HsiehTungLin
afulee
zass17
Lousygirlfriend
blog.mixflavor
aidaandkiki
twodeerman
Charlie87
jmy.spa
turtledrawturtle
Official.YellowBook
vulru62k7ji3
hiphop200177
jazznango
pushome
flyattendant
PeachyBoysOfficial
cherng.y
peachsun
WaLanDao
Funnytattooshop
achuxdogko
Hi.BreadTree
annillustrationart
hisoka7662
thebz2
nagee.tw
LailaiChichi
ER8760
DeluCatTaiwan
MissUndine
hguuy
eheh.cat
jaejp
XIEDUO
songsongmeow
yufufans
wet.elephant
bosstwo520
DaLiThinWaist
258488384328188
tooooozitw
littlemouth
Chaozhibai.havefun
kusooldlock
mr.elkboy
AboutYenYen
nikumonikumon
Uglilybook
e04e04cat
LaoBanZheYu
AbowArt
bigcitylittlethings
XieLiSheng
imcabincrew
lilyfishyfish
222926497734106
aforpiepie
emergencygirl
hateyoufiveminutes
han0320
sana217wu
yohand.yohand
hibananaman
Moritawork
mrgoat9
sungxiaoming
ZNG.LIFE
wdy19690305
130771133668155
kcfor2016
johnnyccchiang
109004835824305
limfreddy
newpowerhung
giwas888
1573873889493647
YiMingArthurChen
taichunggogogo
kuanheng99
tuanyikang
fififans
LYWYM
suchihfen
seeklin
eqmame.tw
chiangwanan
junglicity
ChiangChiehAn
biling.kuan
keelungING
power2tw
ashow.tpe
Bikhim
smilefangfang
chunyileefans
jingping.tw
ChaoHaoLiu
nantou.go
dpp.greenbear
JhengYuOfficeBlog
liucnko.fans
newdaytaipeiho
893657620668012
179828222070223
LinCYminorta
johnwu1969
zenolai2
wumama.amy
chiayionefish
ifongshan
chenminwen
TaipeiNeedYou
209010448523
kerchenming
507Chenyichieh
wanchien0209
ahuitsai.tw
yuling616
gogowin2010
566381323386617
2016newpower
Yuwanju
linweijo
Hungchunyifans
11YIG
LinDaiHua
congress.jason
TsengMingChung
YehYiJin
19771002vivi
chengSayYes
chenoupo
amingo1217
su7666636
polymh
cafe1965
kawloiyun
chckcf
KHshun
hsu0731
1588286501409955
1572448819666020
Wukuenyuh
manli0205
tychiu1030
sujiachyuan
220796314615357
legislatorlifenglee
yumeinu
bestchiayi
labor.better
nicepongpong
su.mei0110
176709252368240
1523935887936144
twherohan
sanmin.PehUi
meiya5881555
122936517768637
takaogooday
KaohsiungHTROC
Wecare高雄-2274307149470503
kmtks.fans
Lina100gogo
hsukunyuan
FongshanHuangjie
takaodeathday
KMTgogooutout
Kangyucheng.1
polin66666
chiouyus.gogo
HanKuoYuNews
uchange.keelung
twlovetree
1186083314882209
fishkai.lin
fiorina1224
MinlinKH
Kaohsiung.Info
Tsai.Yi.Fang.Amy
bravo.Kaohsiung
liangbeizhen
Colorlessrise
814142741942881
kaohsiungmuseum
FengshanYuChen
khhchiu
KHdisney.everyday
155875158483543
mengju1214
krtco
sunglipin
bigmony.goodlife
liyafn0911707871
811745112199940
HungCheng.TK
takauguts
huiminkh
1404177053057784
huangyunhan73
kaohsiungsaf
kandesnwin2010
247426919612
shanhuei1124askyou
2014cky
chihchungfamily
linchihhung.taiwan
openKeelung
Kaohsiungmusiccenter
genewu5568
k3434913
mdsn3838
po2014
TingYu1031
tsaijinyen
Dr.ChenSinYu
kcconline
746002165507372
weloveyuting
taiwanlily
btg0666e
sanminhochuanfeng
239602519908808
wen0523love
5goniceTW
loveyichung
1884343601693614
黃文志-新世代新左楠-1477233585656466
meiKaohsiung
1868891183421844
banana1023
1548795418701002
K.R.T.GIRLS
AlanLee1981
e533323
yu222520
ChenZhengWen
Istanda.paingav.chengfu
tungyenchen
847849865259146
may5858586
ilove579
eng6699
liyahui0830
379282476279487
KATOTAKA2.0
EBCbuzz
deseolandofficial
deseolandofficial69
452506451866511
bomb01.tw
sucesswoman
marktalking
playeateasy
YAHAHAHAXDD
BeautiesOfLifeOfficial
JetaimeKK
juksymag
LOOKER.pets
dailyder
interestingarticle
252347658118458
sopretty2018
presslogic.girls
JianGirls
MediaLnkCom
azenmonk
foshuo16888
WoKuZhe
153287705241591
ShareDairyLife
justfun00
ForgetToCherishYou
Tootsharing
BuzzHandCom
teepr
awesomeinscott
heibaituyulu
laughingoutloudhaha
loveyoubig
yokofu.tw
sharetify
itisLOOKER
medicalinspire
shareismyjob
ProudOfShovelFeces
Pet.tw
jankanban
tap2world
xibao.tw
鄉民ㄎㄧㄤ起來-2504711809548557
knowledger.info
hssszn
Ichosemylife
catssssssssssssss
BeautiesOfLifeLoveQuotes
twpttbook
528968933910356
sci01
How01Com
power201601
431735800528525
BeautiesLifeInspired
friend16888
BldailyTW
randomtopage
lifefunny
BabyDiary
inspiration.classic
coco01news
miaoji.tw
144397192371346
soldbay
412171872185251
iTMD3
like.BoyandGirl
942kids
twclick
starsyee
CancerStory4U
fuqidao168
dog5168
budejie.fun
pagecup
dogcat101300
wufenpu.Wholesale.EZP8
HappyFunVacation
funssy
OuMaMaFenSiTuan
ttianvideo
watanabenoamifanpage
wownewnews
missufenxiang
BHfunny
great.readings
aroundtheworld01
MengChongJuDi
Apolonews
LuckyBag589168
444101532457574
shengser
7even.tw
Food.Tw
1396955527070055
hellotw2000
ShareBa.inc
yihuayishijie
imangonews
qqqun1310
LIFE.com.tw
traveler.tw
parkerbaike
mentorstalk
happyworld88
EverDayShareVideo
looker.ideas
LIKEHISTORYWORLD
lookallhappy
JPanime2.0
1958160981093430
fluffytw
blesseverydayaroundyou
藍色力量佑台灣-1649819841735711
peanuttimes
Quotations.life168
網污-214848762790357
1958092751106755
fun168
happiness.delivery
lifetrip83
yifanfengshun888
traveltheworld168
boss198473
boss626037
ShareLuckCorner
RightBa
TMDhere
create.newthinking
HPshare
mentalk01
283865798854813
opplong
matsuwubobi
todaytechs
lovebakinglovehealthy
petsostw
army.articles
chiefstockhk
playtvtw
meet.data
DearDilrabaDilmuratFansPage
stocks.tw
tianpingxian
delicious.tw
omgkuaibao
children.tw
quickbuy.com.tw
704499623032770
foodshareshare
currentaffairsexpress
cutiesgeneration
thumbsuplifenews
nvshengtiing
ek21news
positive005
1349834938455966
like1688
smallaloneboy
match.tw
211282239050395
dotlikethis
Mark.Knowledge
Quotation.tw
talk.girl
WDUS978
TheSceneTW
goodgoodenergy
descendantsofdragon
japannest
joke.articles
moviesee
WAKEROC
world.tw
142690579250896
taiwan1314520
book.tw
SmilingBG
KnowingAPP
1063653903655415
jimmy4401
themachineriders
BangQuGames
942baby
fotojeg
CapricornStory4U
1facbook
lifeshare02
neverborrow
talklouds
711381605653328
internationalheadlines
italk888
CouchPotato.tw
262065330576450
markmark.tw
yuledeshenghuo
I.am.Earthman
Gyhappyboard
easylifeornot
myhealthway
girlnewspaper
622865967907988
mi0902
AnimalPlanetTaiwan
wuowuo.tw
thatdailylogbook
TBBCA
TWGDA
TanewsFB
APATW
LCAT2017
SupportTNR
JusticeIceCreamFanClub
1527583037515313
taiwanspca
chiangswork
wfas309
east.org.tw
nmmba.tw
catnlife
tsaca
HugTaiwanLeo
1412275325674626
RRGTaiwan
GuanduNaturePark
HSAPF.TW
leopardcatgo
lcatwn
SunnyJiangMama
koef.kuroshio
kwrca
leopardcattaiwan
nckucetacean
ESRICEC
ahrigov
LowlandDesign
formosangoldenbat
blackfacedspoonbillhall
WildOne2017
taipeilovebat
animalswtw
battw
ZeroAnimalAbuse
animalstaiwan
137169663067750
chalynninlove
a0986350661
Wildlife2016
Cockroachmustdie
naturecq
janegoodall.taiwan.fans
CWBFTW
ebcmoney
BToday
bwnet.fans
cmoneyapp2
cmoneyapp
edn168
richfriend.fans
1616764821902568
ctee.fans
richart.tw
ctbccard?fref=ts
cathayunitedbank
stocksardine
intleconobserve
ec.ltn.tw
esunbank
smartmonthly
cnYES
OBank.Taiwan
GreenHornFans
emily0806
MoneyMoneyMeg
chinatrust.tw
esuncat?newweb
hncb008
chinatrust.tw?fref=ts
StockOldBull
dbs.tw
smartpayteam
209163502476627
warrantlb
mofnta
mof.gov.tw
mustneeded
joejoeyourmoney
SinoPac?fref=ts
goohapppy
AspirinMan
CMoneyK
ipass.card
1679629325665607
ForexStrategist
bankernemo
FundDJ
lifeinvestment168
fundblacksamurai
SKBankTaiwan
CEO.HSIEH
imoney889
StockFeel.page
362509207185719
FHFund
stock88168
fundsyes
pcalifetw
BoringChanStock
Mr.Market.tw
bwwealth
macromicro.me
SmartLCH
redhousei
happygocard
jkosapp
VTraingGame
franklin.taiwan
fsc.gov.tw
sfi.org.tw
Money101.com.tw
moneybook.com.tw
potawang
projectup
stock.tw
emily.talk
moneyweekly.tw
mktsurvivalkit
wealthnotes
mrsmoney888
wearn.tw
botlion
masterhsiao
fundhot
LeoChen2014
arsin168
Insurance.Samurai
KGISecurities
okbank0809080988
TIPO.gov.tw
tdccpln
fundrich
weeklyfans
statementdog
Lmarket.taiwan
imfinance168
happyallenapp
SFCwinner
XQ.com.tw
blockcast.it
MoneyDJ
168.com.tw
ezfunds
phigroupinvestment
jeff5658
tivo168
LnB.com.tw
tabf.org
earnfunstar
TaipeiExchange
etfclub
triplei.triplei
voyagerColumbus
540944695991164
fundwriterchao
1737925146463741
Fund.tw
SinoPacSecurities
Plus500
1617569725173770
yuantafunds
1503563956588874
money4bourgeois
1780275288879406
USA.STOCK
maicoins
KGIFUND
415475161851957
DJ.SmartNews
CMGinTonic
InvestmentMedia
FinancialFraud
qz108
1557587104554450
bitoex
TaiwanStockExchangeCorp
ratealertApp.tw
stockfeellemonbear
Investorsclubtw
FedTaxNote
opayfans
smart0806tw.blog
202407546453548
pay2go
535755979898243
radicalwings
TaiwanGreenParty
chenyichi.radicalwing
miaopoya.sdp
277581822281583
daan4fanyun
freeTAIPEI
newpowerparty
FishSun.tw
voteufan
votewucheng
Jodi.Lin2018
peiyunjump
MeVictoriaHSU
npp.2016ly
LICHONGLIMTW
Yi.CH.0306
IseeXiangshan
yingmenglin
SunflowerWangYiKai
Young.Tech.HsinChu
veranayeh
chenchenyu2018
0Yenfu
NewAgainChen
sdparty.tw
jianzhixiangnpp
nppnewtpe
NPPSunnyBird
MeredithHuang.TW
TwGovStopBSus
2016mayawbiho
nppkhoffice
junyenwu.official
hsiaoataipei
JenniferLuTw
319699358539945
npp.tainan
zdayoung
panhan3.treesparty
nppyilan
hsiehyingchun
HCNPP
OBS.PanPan
NPPTaichung
SCCSDP
407888432960687
LawyerHandyChiu
npptaoyuan
nppmiaoli
593374924100942
jaywin2014
sdpyenjonglee
takecareofyourknee
vieshow
ETtodayMOVIE
lessonsfrommovies
AgentMovieApp
detention2018
worldscreen1966
foxmovies.tw
MarvelCUE
HypeSphere
garageplay.tw
CATCHPLAYTW
WangDongsDramaTalk
Ymovie
UniversalTaiwan
amogood
skyfilmsINtaiwan
redfilm2012
welcometoundergroundfilm
twelvenights
colafilmselection
skydigi
AlmostToMovie
Dr.Strangenote
TaiwanKFF
TaiwanFilmInstitute
tghff
kevin.chen.fanclub
tiqff
spot.hs
truemovieFB
234703477473734
Mr.SuperY
737051849670376
ifilm.tw
Jointmovie.tw
filmaholictw
neofilmshk
nofilmnome
dodomovies
ccii.com.tw
Mumau0228
atmovies
ximilusee
OurYouthinTaiwan
spot.tp
kcgkfa
cheercut
TaipeiFilmFestival
TIDF.info
PTSOriginals
twfilmgroup
mirrorstagefilms
HappyBirthdayToMe
moviesnotrating365
scm.tw
KCFilm
yammovie
thedadssuit
tagalongmovie
Abovetai
cnextw
OnHappinessRoad
24filmmag
UrbanNomad.tw
seediqbale.themovie
turnaround2016
cue.magazine.tw
ABGKitchen
icooktw
543kitchen
rosalinakitchen
kfctaiwan
Nata.Wade
myCiaoKitchen
lovetoeatYunx2
LiangandSasa
TONKATSU.tw
mosburger.tw
0800076666.tw
GreenBox.in.tw
YannickFamily
toponepot
0902buuz
joycewu1120
ShinyehJapaneseBuffet
thefreenburger
muzentsao
pojowowo
maomipage
donmono.tw
simplebread
207161759345931
3375.tw
immiandotcom
Taoyuan.Dreamwalker
77.food
ajwine9
yuann.tw
1517734528466747
TainanYoYoYo
redontree.patisserie
fastfood.alliance
dreamer38bar
rainieis
ksfamilykitchen
charming.girllife
haidilaotw
254072621680371
setshowbiz
supertastesupertaste
SisyWorldNews
nooutsiders2019
Mr.Player.tw
TBSCTS
52tornado
TVBS56.health
ELTASPORTS
foxsportstaiwan
PTS1997
MTVTaiwan
52news
DeepThroatNews
2100room
公視-生態全紀錄-184915052010527
ptstaiginews
godblessbaodao
CTimefans
201740113256263
hotjpdrama
GTV100ENTERTAINMENT
273340963335122
YahooTV.tw
4gtv.tv
291999857521381
titv.ipcf
ngc.tw
eranews50
TaiwanNo.1FTV
beforewegetmarriedGTV
vljapan
kangxiofficial
leenewsclub
TheTeenagePsychicHBO
TVBS42.works
Muyao4
DaAiDramaOffical
discoverytw
setmoney.net
saltymask
isetiwalker
setnews.newtaiwan
1kimkong
1907336189534844
foxchannel.tw
PTSourisland
Taiwanstory1999
218049788253193
chef3007
NextTV
ptsinnews
wwj.twn
DramaQueentw
50eramoney
1659646984302711
pts.viewpoint
大政治大爆卦-無色覺醒-125743104954554
281735358644617
pts.insidethearts
FTVDanceShow
ptsmorningtaiwan
twrecordtv
KKTV.me
TLCTaiwan
ThunderboltFantasyTW
yahoomickeylive
goodlife.much
FTVTaiwanLectureHall
GreenDoorPTS
OnChildrenPTS
FOXPlusTW
SETBorderlessWorld
limareports
skjawtime
bamid.goldenbell
guesswho3
1373858625962101
FTVTaiwanSchool
enpitsudorama
ForJusticeNow
台灣金頌-253594862001260
36tvshow
bestinput
hakkatv
ptsyouthnews
iculy2016
718511161556357
1149468065156400
AiTaiKeIset
seriescoffee
JoMabingewatching
wispatvnote
ptsslnews
health.SET
TVnMovieWatchers
569572676897362
bestinterest2019
vivatv.tw
tvbsbelleshow
GlobalNewsTW
ptslifestory
nexttv.eater
MeiKekNin
LADYTHEBUTTERFLY
FACENEWS
artsbook.tw
Newsbreath
jengchintalk
jengchinonftv53
setnewstalk
206574013103888
435352367238295
ctsonlineshow
explosion2010
808390019263967
PTSWAKEUP
Nexttvfans
776265936079176
ptshd
303328956999127
Newschase
nextoverturn
ptsword
ftvINTERN
1687881748104010
wheniseeuagain
2018ReelTaiwan
eattraveltw
topicfactory
crazyrightnow
JoemanStation
KeelongRays
Wackyboys.Fans
HuangHuangBrother
KingJasperHu
ChungXinYiCathyChung
yue19930929
Dulcieku
Gina.Hello
hellocatie45
benhedgesntd
HuangDaChien
loserZUN
aries8248
ZyNXyZ
VinegarFilmCafe
opchanneltw
MaoMaoTV
2174513949427816
RTGameChannel
sylvialovesg
freethug89
oeurxhichocolate
Mrs.saintdodo
PierreLiuPei
RelaxOnityan
ksmytstudio
RSPannie72127.tw
playthreesmallgame
SetfireYC
mrchesterccj
TaiwanBlack
tpijade
nyonyotv
lenAllenn
tingz324
fj234
WhiteTRO
376054639412475
chuchushoeTW
herosbaga
minastream
nicechord
1755LetsDance
walktone
192058287535877
oeurXstudio
chaoilen
tessereq
josephisfunny
romaprama
eCommersNews
moi.gov.tw
mofa.gov.tw
presidentialoffice.tw
moea.gov.tw
ey.gov.tw
ndc.gov.tw
www.wwwm.com.tw
Seiko.Taiwan
horoguides
CASIOGSHOCKTaiwan
sevenfridayTaiwan
CitizenWatch.tw
iww.fanspage
TSonline
watchbus
ChungMeiWatch
LonginesTW
328871200876175
watchroger
formosawatch
BALLWatchAsia
Y210933221785
bombergtaiwan
orienttimetw
mirrorwatchtw
Changtaiwatch
415847105207738
RichWatch.com.tw
dxmwatch
goodwatchsale
zcwatch
mechanical.watch88
mingrenwatch
Yutian2017
CasioBabyGTaiwan
FrederiqueConstant.TW
kinkongwatch
nanguavintagewatchshop
125254794189191
bruce.lovewatches
MBF.MADgallery.TW
watchewatch
oncetime.me
kingsignwatch2
kingsignwatch
GaltiscopioTaiwan
TITONI.tw
ETIMEWATCHSHOP
esy23754
hwkwatch
watch.critics
MingWatch
prohopetime
emc2.watches.emc2
TimeLifeWatches
kingsignwatch0
smzwatch
dreamfactory.tw
620699154647160
yearswatch
Sinnclubtw
MingWatchTW
taiwanomate
Timex.TW
egpswatches
971833049577927
GRAHAM.Taiwan
watchandtimetw
tedsustrap
KLASSE14Taiwan
licornewatch
134719073247238
yuenan.watch.tw
thejulius.taiwan
carpediem2016.tw
oldwatch.TW
wewood.taiwan
net.taipei
125683494109758
news.ebc
ETtoday
GeeVIDEO
setnews
myudn
YahooTWNews
tvbsfb
CTfans
udnplus
m.ltn.tw
epochtimes.taiwan
bbctrad
nextmagazinefansclub
stormmedia
ctitv.news
mirrormediamg
nownews
pnnpts
appledaily.tw
cnanewstaiwan
ftvnews53
peopledaily
TheNewsLens
twreporter
theinitium
KanZhongGuo.web
apple.realtimenews
Newtalk.Page
thejournalist
nexttw
2276445789109473
UPMEDIA.MG
yamworld
CNEWSTW
hxdb1234
newscns
asahichinese
nytimeschinese.t
taiwanpeoplenews
CredereMedia
appledaily.animation
duoweitw
coolloud
eventsinfocus
yamnews
peoponews
twgrinews
debatelo
love.cindy.club
TEL062268268
ntufishfans
1804865663072596
1415047975474831
taipei33
taoyuan.jackru
CCCHsinchu
298586310319842
kib16259
taipeicathyyu
taichungedada
cctccz
liahuiyuan
ashiugo
9.so.good
anchormima
ping4193260
170841156873393
linkenjeng.tw
chung.siao.ping
ChihChang43
ling0933109621
歐陽龍-413440822124998
impolite.tw
EYECTV
KensTalking
welovetaiwancountry
twdrug
Taiwanese.united
島嶼日報臺灣人天光的故事-1196284587193528
HolyMosquito
thinkbymybreasts
worldcountrytaiwan
radicalization
wethetw
KoBinlangMan
taiwanfugue
TaiwaneseLocalismFront
denischen0426
eoiss.blog
wesupportindependenceoftaiwan
TaiwanPassportSticker
352307998287707
stand4taiwan
uccu.space
taiwaneseindependence
sonata.taiwan
CNIIIrollyoureyes
PTTPublicIssue
ss7bl
WUFI.Taiwan
momogaga0
fatotakus
newsalaryman689
pisbusy
taiwanup
kbob1129
Mr.TainanChen
yuusha.tw
224466494986932
taichung228
yaot.org
subing.fb
dutchformosa
141096389932893
IYFront
NationOfTaiwan
twhrca
rotpnetwork
FormosaandPescadores
aorft
KaoBeiJoke
leaveROChugTW
lslandnationyouth
FreeTaiwanParty
TeamTaiwan.2020TokyoOlympics
FormosaAlliance
taiwanindependencemachinegun
wwwttshow
seeseejapan
zhangzhesheng
259202001263173
ETtodayBOBA
crazyck101
YahooTW.OMG
JudgeAd
GoodNews.FANS
243468659404596
ck101cooky
taiwanbarstudio
cchannel.taiwan
busycabincrew
memeapp
bepotv
2139816686265234
ptsplustw
HowLiving1
voicetubetw
SETOhMyGod
civilmedia
langlivetw
0101seime
myMusic.tw
17yourvideo
taiwan.aerial.imaging
YESRANGER
apple.supplement
tnlvideo
pnnnq
goooooooodog
UMGCJTWN
1395821084004809
YCNews.Channel
greenteam1986
ytower01
148985881781429
LaMaShania
Bloodranbo
masa.abc
YehYilan
pig61106
haydenmomcookinglab
atcooking
cook1cook
frenchbullsinba
soacliu
fooding.com.tw
cookpadtaiwan
laurelstudio
sasahomemadekitchen
jj5colorkitchen
lovelovinghome
lorinakitchen
jaycarol
698648580209059
beanpanda
325607087557756
Learneating
kaidongwithkat
diymylife
wifekitchen
marcohsieh4788
TruffleRose.Party
austriabox
hutienlanfood
315300168486630
chef.colinchen
amyrattigan.chef
amanda6515
yiyi0719
cecillia.cc
SweetBettykitchen
tomolifestyle
u5u5u5u
mitong.cafe
hchuang0501
MidnightFlatCook
ryoritaiwan
hi.wuulala
cksmom0910
homecookolivia
basil.blog
juliaherbgarden
project.michelin
QQ.Cooking
VICI1717
hannah.h0505
ShengXiaoChuDeWo
Agneta.Love.Kitchen
KOOK.Living
victoriaTPE
cucina.winnie
SandyWangThermomix
happinessalwaystw
Skills.cooking.school
RikaArai.official
569986076367861
OuBaSangDeKuaiLeChuFang
liliscooking
yamicooktw
151131674962279
4FCookingHome
hanguocanzhuo
irritablequeenbunny
moonmoonkitchen
321807437894
megathomeblog
joanna.weitung
117601768351634
truehearttf
dearcaren.cestlavie
nam33
cupcookstudio
ukikcook
kellyrabbitcookparty
catsfunkitchen
JOVIMAMMY
tgeea.y2002
GAGATAICOM
RadicalProFeminist
100254986986679
equallovetw
iwantlovefree
maomao5025
ACSVAW
tapcpr
1841720146062630
Taiwan.LGBT.Pride
cowbaybluegay
Taiwan.Rainbow.Pride
GAYRainbowTime
gohtaiwan
TaiwanProtection
AntiFhlFront
awakeningfoundation
queerwatch
bigGoldfishbowl
fagget.tw
LALATAICOM
TaiwanHotline
twgeec
interarticulation
whatswrongwithfeminism
SouthHotline
peteacherlin
equalcolor
Parents.LGBT
PFVSO
MarriageRights
TaichungGDi
straight.marriage.equality
ogeTaipei
twlgbtfamily
pinkdottw
sqc.tw
553335441381427
SisterhoodIsPowerful
1397702777139921
LGBTNEWS.TW
MWF38
Srainbowst6
sexisgoody
gender.phases
friendly.straight
saving.wish
Tasbravo
songyy1069
TYGHouse
ECPATTaiwan
tw972
coexisthibition
Vote4LGBT
BitheWay.tw
2263200323895440
ntuwrp
ageofqueer
Hope.family.tw
KISSMarriageEquality
701130686706180
sisterssaying
1500707420169503
beyondgender
AntiStalkingTaiwan
TGQRAA
mr.Antony21
SongofChildhood
StudentUnionForMarriageEquality
ROCAFLGBT
CryogenicRegion
tainanrainbowpride
s3beauty
86Shop
sungsfamily
atom.and.seoul
Mr.Kevin.0907
mkuptw
shopping99com
sandywuofficial
danny0425
Dr.Cink
197576667001655
lannychenchu
GorisSky
poppyohoh
chiaofb
Yfashionista
pink0309
Mama540
B2BTramy
youwin721
peri.com.tw
benshee.su
LancomeTW
dearruigallery
loveyunung
nataliewu.tw
kaililiangkaili
www.wang.ying.chiao
ChanelTW
hawooohawooo
greenvines
FashionGuide.com.tw
fg.com.tw
Changninger
AngelChiuChiu
sum37tw
liuyen.page
love77han
yougunlee
Jaline.Yeh
globalshiseidotw
JapanMonster
esteelaudertw
lovebabytwins.sinsin
loveIGisele
TWSKII
marykaytwn
kanebotaiwan
fans.avon.tw
bobbibrown.taiwan
chloe.wu0918
yslbeautetw
LoVeHannahLoVe
naruko.tw
elizabethardentw
cliniquetw
tw.lorealparis
LANEIGETW
makeupbeauty.liz
GuerlainTaiwan
river1212
HanShengShengDara
snowkeimakeup
Dr.Satin
lovekeching
rubyliu8
ORBIS.TAIWAN
1028LoveU
yami52422
mistermorden
MINON.TW
UrCosme
paulaschoiceTaiwan
TheBodyShopTaiwan
LSBerrytw
hestianails
ShiseidoProTW
LiMin1688
kose.taiwan
SisleyParisTaiwan
212788802071502
lamsamyick.tw
ClarinsTaiwan
iladymonroe
chiligeely
MedPartnerTW
dhc.tw
JanetChang731
cosmedecortetw
VERNAverna
nitata.fans
CITYCOLORCosmetics
TianTangHuaYuanparadisoGarden
brian726
xiaozhi1226
yolanda19930910
LuckyBellemakeuphair
cc.chichiii
vigorbeauty
ElaineSun.cosmetics
yunisgreat
172349866246544
iamchenfifi
intws
ying16882003
NIOUMO
linyurainy
aviva2010
FANCLTW
hckuo888
250766819115136
農的傳人林佳新-1665203563581754
HateKPPolitics
INGTV
letsupupup
1646794215533171
tw.assault
kpFanFantasy
Investigator.Big5
KUSOKALA
agrifaith
goodbyenpp
1219913884713428
DaiwanPills
sxckmecannotsupport
takaobrainhealing
150047039005391
citizens.mowing.action
288919745369540
electionbar
SOVPtw
2039781702711956
policehoho
TaiwaneseGroup
172864823058157
105375190825127
Realispower
387386945115369
candidatetube
137737373323956
stopmathebumbler
getawayfromyourlife
474641563028027
koko88
eballsususu
176458049661515
AmazingMyParty
172241626990756
concernRFC
315192292768497
Vote4Her
teamKP.taipei
issuestaiwan
大政治大爆卦-563253460527923
smmonstermirror
kmt.new
Peaceoftaiwan
Tainansikue
vsmediataiwan
funkydance
1465404263533121
podogong
sjtvcompany
121898235059367
JunJunClothing
Ah.Ching2015
dj4372198
bonjour.shoes
JJuliaOuO
goodandfresh
fengshantemple
EagleShopping
survivorsneaker
200EuropeGifts
fable.world.USA
yuanewu889
OurSport.tv
miao11255
DongU1993
Heavenknowslol
mitaliang0521
1159683860793980
asiafmtv
roc.ncsa
599362673551707
846170122183897
richniuniu
1496647107022365
bllb.co
1750672418495870
PoWenTattoo
mu.nian.mercy.fans
gamebase.gb
chiotian
guapa.tw
toptbj
WwwBaogongOrgTw
mika991106
blackm3284
thetaiwanbest
GodJJLOL
gamers.tm
LadyAvisShop
lolinya
wishbykorea
adiFANSforever
yafen88
v0973027763v
youtubenekowu
a0916020020
hansan888
jenchingd
Angieboutique.tw
SUMMERJEWELRY
crystaldragon168
1477228089190339
www.HL888.com.tw
430654027312726
234985033261567
ya168168
diaozuo751016
alicesstore
1296141767108738
1524941834394280
onlyNewskorea
413932535628626
235298013296756
SGIRLSE
avenue2003
1729265684058361
vivo0725
bombmazu
cuiyiguagua
a0492312057b
xmtc2013
298887640137470
bethe111
1039298829565342
chocolilin
holyholy888
Crystal20140723
honeystore101
taiwangotemple
chiayicrystal
VPS.SOHP
Hualien.LILIAN
jiubestyle
Fishcraftsman2017
goldgold168
BaoGuangShuiJingYingTaoDian
251186011986787
nicosvipstation
belovedboutiquetw
bar0531
857515507620182
GP.no1
habrandshop
rdhose
DiamondMAGICBoutique
fukelai.com.tw
LaTogetherLive
a0222426781
1651430715154831
118964051533193
ECGTAIWAN.INC
1312577748785404
1001496383294200
idvkorea
zjcity
AHG3399
Isneakers171
1016533928449636
256487371466663
AV888888
hcnet2
cig072363038
JinghuaArt
kuiyou24341176
dknypp04.25681622
HAO68
liveisnet
2012qop
lulusdotcom
hsulure
verybuy
OBdesign.tw
lativ.tw
LOVFEE
modalovemoda
luckycleolynn
mercci22
PAZZO.tw
248851935128754
gracegift.tw
255809617780868
wstyle2016
SONICE
hahan.mammy
mobo.tw
meier.q
avilas.style
marjorietree
fancyxfancy
tokichoi
myDresstw
creema.tw
goddess1688
luggageforones
ophelia.kr
loveaska
appleshopkorea
xuxuwear.tw
puree.girls
sumi.design
Bananacats
azhengtw
bbmellisam
219672448553623
LOVE.NINI.SHOP
styleoolala
lovebabytwins
206351216768
JSselect2014
Peoplelamp
iloveballeta
iohll
chingshin1987
dayungs.tea
COMEBUYTaiwan
spadetea
presotea.tw
FEBigCity
taiwango0527
service.chh
MyHsinchu
WKYang.HC
591302904712811
hsinchunew
newchange13
hccp.gov
ccchchg
ChupeiCity
LeeYenhui
林思銘-幸福領航-新竹出發-282048612723007
TienYaFang
passionhsinchu
Hakkameme.LoveTaiwan
173903603088762
194941611306571
inHsinchu
Morning.MKT
joinus.tw
720492554670764
1459829230912830
2552027401689820
WinChoel
luomeiwen
HsinchuThings
新竹水牛曾資程-367458410073916
SeeZhubei
pangyen122525
380298688709083
1462172067348219
yesidu99
1674241382693432
XinZhuZiRanNongJuLeBu
Seehsinzhu
happinesshsinchu
677535235634940
1694314744200731
2018WeChoose
laibingfongonline
i.Hsinchu
654773411273801
tomorrowvictory
163399030340674
xuyulun
HoldingZhubei
135684637280098
225174531358186
bettercity
siweispace
621777204546349
ajin520
ifansHc
LiouSiangTian
300.look
wadambooks
1918589301758508
cacao306
255490007937798
hchchg
Hsinchuocean
HsinchuHakka
yao0909
1728853307164235
meihui5336696
Dr.HC.Wang
mamaclub.tw
parentingtw
avocadosushi
banana065
cline1413
yalan168
lizlara0301
momanddadtheband
mei0319
djanday
mababy.mababy
parenting.lifebuzz
angelsparadiseYAYAYA
115459713451
TuyaStudio
maminewsgo
mamibuy
kellyla.tw
babyhome
welovemark
drblackeye
MamiBuyInfo
tpaobj22
lovemily1985.blog
Choyce.tw
worldsakura
iris1221
MamibuyParenting
nimonicokim
ParksAndPlaygroundsForChildrenByChildren
1117431765056453
birdblog228
pinkcpu
NowWayMama
sisy1017
hereistoby
ichentsaikids
parenting.reading
smilejean
kidsplaytw
lovemomtalk
mamilovebuy
shiang35
doobebe
learnwithmymaya
qha0568t
1377517472508977
mamacheer.tw
413306125529256
dietitianLi
168patty
kikiyehh
yoyoman822
12go.bkh
girls23270712
finduheart
frontallobetrainer
angelheart336
RainyMom
FertilityDrTan
stanley3c
PediatricGI
165197450166908
NiNisHome
RDPengs
ciaociaorose
mamibuytry
joanneme2014
parentingbest
vianneFB
here.infuture
fuan123safe
BabyNEXT.com.tw
bearXmintcat
franciscafee
emergencygirlpregnancy
letsgojp
wangcolaneko
japantravel
NipponcomHk
labellessveraJP
tngcn
Kechi.Syonen
weizhong925
japantabi
VisitJapanNow
taiwan.funjapan
ec2japan
harikyoko
kakakuksk
mapple.tw
Crazy.JapanTravel
gyousyou.suzuki
aliciaismejp
kyototravellab
Machadango
princehotelTPE
kitteclub
japan.suki
hokkaidotrip
loveosaka
japanshoppinglove
wattentiontokyoplus
kansaitravel
kumamotodiary.ch
iamnotjapanese
imkingsheep
chaoriben
toeitransportation.chh
kyototabibito
MagicJulie.TW
linshibifan
sami2travel
lifeofjpa
taotailanguage
visitokakura.tw
nihontatsujin
itri.tw
weloveIII
iii.ideas
citc.itri.tw
ecbizteam
TechOrange
technewsinside
TheMobile01
kocpctw
teachs
cyberbuzz
TaiwanApple
bnextmedia
TKbang
MrMadtw
cool3c.tw
Ytech3c
jetsoiphone
Peace543?hc_location=ufi
yunba8
ithomeonline
isogi
ETtodayfun3C
m.3c.ltn.tw
gamer.com.tw
isaydigi
applealmondblog
tiggertw
3ctim
olivertublog
lawrencelove3c
easylife.tw
freegroup
ithomecyber
engadgetchinese
ifansBlog
darkthread.net
MARCOKAO.3C
epriceTW
iamKisplay
pchomefans
kikinote123
TKbangnews
applefans.today
XFans
foxsaying
ahui3c
will.fans
playpc
netwargame
uiux.akane
ipad.ipod.iphone
Beautyz.net
freewarefans
ZeekMag
mcdulllfans
lpcomment
applianceinsight
axiang.cc
briiancom
MobileAI
PCADVfans
BlockTrend.today
BenchLifeTW
TaiwanBaby
wowbase
3C.iqmore
mukispace
soft4fun
euyoung
egg3c
iPhoneForTaiwan
pcdiy
appshot.net
cite.chic
limitlessiq
codingbear
gophone.taiwan
Techlife.Tw
StuffTW
ATON3C
Kai3C
appledailylifeoctopus
pjchender
3cmobilewow
ifans.me
cjayzhou
3c.info
mashdigi
3c.talk.tw
937994472930599
Dr.iPhone.Fans
secutech
vrzchinese
kkplay3c
iapp.tw
DreamTapir
193580647387544
nexttw.tech?hc_location=ufi
AppGuru.tw
panxgame
FuniPhonePlayer
redcell6club
ifansTech
hotainnan
taiwanweicher
foodintainan
tainan.sunny
traveltainan
ceotainan
at.tainan
tainanHTGB
kbront
hululu6
yctfans
PospoKao
kmttnc
angel.lin.1212
2018tainan
ichin0825
180972661918736
174094425951157
topdavidlin
clcyungho
intainan
ncat.tainan
litsunghan
hsinkai1127
chenkuo2018
Hsiaoweitasi
killlosemuseum
DreamofSinying
hungyi2018
yichifight
ShowYourRight
liumishan
yuhui877
mingdezhou0802
tainan.eagle
1231752560286188
811570818864040
longchilove
tainanlovemeiyen
170045896345606
LTSCF69
hsuchunghsin
tainansprout
cch19790403
226487857540087
643913205983170
0711LICHIWEI
sidy36
tainan.wang
linyiyingnpp
stsp543
Jiali14039
IngayTali2018
Rain2718377
chyouping
okhtw
413354042138395
ccaooy
tainan104
LeeWeiChih
Tainancityofcultureandlife
i.Tainan
wpc123
yuhuan0813
TainanCityCouncilMember.Services
swayhouse
tw591
ohousefun
fargloryUcity
hiyes.tw
dali.073843888
Yahoo.house
palace.of.modern.arts
runlong168
sinyifans
forbes168
buyhouse888
1903444573221754
rlre1100
JoyesBeautifulGarden
323925321767509
HuakuDevelopmentCo
EsquireBoutique
YCmps
JSLTHEPALACE
celestialgardentw
1969547203337995
housefun
lbs.h35.tw
megabuilding.tw
fgliferealty
Leju.tech
rlre11001
2017OpenFun
restatelife
mitsuifudosanTW
sinyijapan
sinyi100
kindom.evolution3.0
Y7bordeaux
JSLskyvilla
yungching.tw
124169067980504
jeangrouptw
savillsTW
TWHouse
826243807409846
300853397399736
HerzuNaturalLife
jsl.TianYi
520gh
DarlinginCThouse
dhre.com.tw
wowpanfanfan
478554296006961
123516831615778
AMAOTAMAOT
mag.housefun
TuChengUniHouse
malaysiasinyi
MRTHopeCity
208596999978535
houseyeh123
huite.archi.ology
SuperAgentZack
TheCoastalResort
newmoonjsl
ebchouse
daikyo.tw
t25559552
JSL.RiverMansion
717458168612601
ChongHongTienFu
luna3newmoon
1969501569727310
739858749517556
shcc2008
tokyulivabletaiwan
165734614145920
debaoestate21
Hmountainvilla
GSGR.Counsulting
230822870717310
radium.tw
TheStar.HighSpeedRail
btotws
XingFuShouZe
hcnice
etwarm.no1
ewfolu
HouseFun.Rent
184694395586498
appledailyhouse
JSLcastlevilla
tiee.taiwan
MasterRealEstateInternational
1493118227454912
greathomecat
55Timeless
wowpan.worldwide
forever.garden.massion
foundi.info
224035305187313
215572032434129
KAOLOVEHOME
nhdtw
ClearthLifeTaiwan
335318476925152
TheRooseveltMansion
wowpan.realty
tw.cityandurbaninternational
nf899
JSLCityOfJoy
tiffanypao0901
ThailandtheNEXT
twherald
tthousetaiwan
maithaifun
322282221224156
sinyi.z151
pauian
HouseFun.rdprice
MIJHOUSE
homeappledaily
hhhfb
searchome.net
DesignWant
Storemarais
decoplustw
FunDesign.TV
NewWorld.DC
agent.hhh.com.tw
LinZiMiaopage
ILAN.NEWS.NET
KamalanNewsNet
h706277fans
Lanyangmuseum
hanchung001
1544792905762856
hiilancomtw
203178079695479
HsuehChengYi
145820939502559
Mrs.Janet
Toucheng.A.Win
HsiehChiaLun
hongxibro
wenchang0901
bestyilan
loveilan.huang
S35188746
Yilanshuru
YilanLocalNews
ChungHsingCulturalAndCreativePark
LuodongCWH
julian660404
sunnytsai0331
124787424284600
alysaku560522
lcf.yilam
218146302146432
luchienchi
jeffinyilan
857493691013438
Vadim0817
Yilanashang
DoctorKoWJ
1503745219913314
love.lichiun
tingshouchung
LiuYaoRen
police.taipei
362601647207337
HsuChiaoHsin
tcapo.tas
TaipeiZoo
bravotaipei
mytaipei
tcap1216
taipeitravel
sabrinalim.tw
professorpowertaipei
taipei2017
Beitoucitizens
taipeisuyuchen
TaipeiHEO
NuitBlancheTPE
151292615641673
tcooc
TaipeiAstroMuseum
metrotaipeifans
sunnyweiLetsGo
阮昭雄-228234588681
MOCATaipei.39
justmatchtaipei
tcc9105
td.police.taipei
tpctax
TaipeiSymphonyOrchestra
taipeifineartsmuseum
Chen.E.Jun
94lovetaipei
707768739556763
doed.taipei
110924275609352
Water.Taipei
1535162756797804
ykgerROC
TaipeiArts
tccalexchen
221059671260424
bravoTCO
xinyihc
Taipei.CoSpace
Taipei.Info
119.Taipei
ZhongShanPolice
316264798433054
kmtlin15
AnimalYang
FM93.1AM1134
s0921602186
217802801759737
ap030566
elearning.taipei
binfu.taipei
2010TaipeiFlora
TaipeiPerformingArtsCenter
ShilinPrecinct
BeitouCrimePrevention
723721420993772
tpejjsports
c2.police
bestserviceforTPE
taipeilabornews
StartUPTaipei
jennyfuyo
taipeiconfuciustemple
dadaochen2011
ymsflower
tp980409
dasc.tw
laborgoldaward
rueytu
iwangyou
daanpolice
1045916515454353
arts48
TSSSC
xinyido
taipeilibrary
TaipeiPublicWork
c1.police.taipei
cssccyc
ngsc.cyc
neihupublichall
752462318182717
222383101150490
twhsc
btsport.tw
YaoTurningTaipei
doit.taipei230
TCYDFans
LinAnTaiGuCuo
taipeidesign
Taipei.Lin.Strong
jadtcpd110
therealwei
teddy3small
tp.bus
2016wspd
WilliamHsu19820621
bopublichall
ecotcpd
dollars.taipei
MONGAPOLICE
allcrazyforsport
ZhongZheng.PC
taipeidep
104164796282761
HSUCHIHCHUAH
wssc.tw
taipeiflowers
taipei.parent.child
tpedot
TaipeiSLSC
TaipeiSheltered
songshandistrictoffice
runningtp
daan.pcc
ketagalan.culture.center
138297046347893
xinyiPrecinet
wenshantheater
DatongDO
354833384641005
YatanOffice
BeitouMuseum1913
neihupolice
xysc100
1498502087112053
pntworg
tpc3i
okwork
tpwhpcp
nit.taipei
educare201208
land.taipei
1546232672299902
tys1999
LinYulipower
tpcooc
dthr.gov.taipei
bt20090401
ChihYaWangPart2
wdygucpark
taipei.iAMOUR
118060661563380
1673112326141845
501219546589507
taipeinhpc
131Funtoplay
tpmltianmulibrary
taipeipublichall
changhung0925
ngdistrict
201900143160573
wdygcg
1719892024895113
580978775614363
urotaipei
zshr.gov.taipei
dahr.taipei
675375179188158
Datonglib
JiuZhuangLib
nhhr02410
480895735427515
267242063343918
xinyi.taipei
mothertongue.tpe
dol.tvdi
sshc.taipei
slhrgogo
1514980982126207
ShipaiPublicLibrary
wsdo.taipei
蘇宏達-2125912397440703
WorldCityTaipei
555952881487970
133640670042396
BTHR.Taipei
wanhua.taipei
NanGangLibrary
zzhr02340
zsdo25031369
lovejikei1122
363210223691794
SRY1988
449045178466236
btteenager
babyhouse1234
sshr.gov.taipei
wanxinglibrary
nghr.taipei
200728093351988
huludulibrary
wshr.taipei.gov.tw
shilinhealth
Taiwan.reporter.IQ.less.than30
taiwantfc
GMTRUETH
TaiwanDigitalDiplomacy
anti.fake.news.tw
NewsTWs
kleinerfisch.tw
mygopen
newspeople1973
mediafarmers
ChangeChannelMov
CaratWeekly
mediawatch
青年抵制假新聞陣線-402569483872159
mediacitizen
TaiwanCreativityWeek
TaiwanJournalists
TalkEcon
NewseForum
formoshock
threetenki
Anchor.haiyin
Qsnow66
yuniko0720
HaungZX
451334668356556
chocho0225
daisychiu31
pengwengjengdennis
117103701639310
menafangofficial
190315207325
taiwanericcheng
chelsey.chang1122
matshsutennis
Peiying.Han.Fans
pattylin1015
bamboochu
vivinews
imethan6
pp711
liaotc
XinWenZhuBoZhuFangJunNinaChu
judylee0923
282486038464876
iamyenying
somi1125
127296973984990
485817674776334
superanchor
anchoryushu
chvickie
LiaoFangJie
purpleyeh
vickychen1208
iamruoyuchang
HsiaChiaLu
yvonnechung.524
arielwang0318
101505626575597
137086589693156
112585338838102
chupeitsz
febeuuu
shinyunlee1219
health.yunbaby
TTVUlla
tesl.anchor
NaoOomichi
146544345412411
cateinbigcity
page.Ehang
dorilin27
333255516764031
wuhsuani
ttvnewswang
FiFiWang777
420486651349543
LinChiaShuan
hsuhsianghua
anan0210
AngelaHa0529
News.Liza
183168825070
TvNewsAnchorAngelineChan
GeXingZhuBoChenZiLiyiDianShi
201567829995549
133054740057086
PhoebeKao207
Dorothy0727
327195077290953
Kuang816
190108394386491
weather.cindy
YULAN.WANG
TaiLiGang
118770331644363
hphsui
changwhaanchorLai
1178597888826632
poyulin.812
NianDaiZhuBoGaoWenYin
228602830510074
311417065727491
Hsuyauyun
show0901
limitweather
NJHou
fjuchk
269000969883110
WuYiSyuan888
yc.chuang1216
journalistasfoodie
demondoll11
happyanchor
kuorengrong
607488562598095
katiechangfang
313690272074675
LoveHsinYi
yiling7lin
page.liting
660708907276380
CelinaERA
REPORTERANNE
1462116234028107
207307226049560
419725478119792
BeautyChenBohua
806039822777600
TTVChangNing
yiwen1220
twforest
70Farmer
WuYinling.1
coataiwan
newsandmarket
rural.young
linbayyoyo
agriharvest.tw
loveagrogirl
tfda2014.tw
taptaiwan
okogreen
ChiChung.agri
afayayaya
AgricultureMemesTW
mygardenlife.tw
iliketaiwanfarmer
chingtien2013
NOASF.TW
tndais
tfri.coa
fisheryTW
rural.swcb.gov.tw
science.in.field
agripower2
EzgoFunClub
frs.gov
AgriBiz.tw
wayneagrifoodlife
loveagroboy
321991691227057
agri.rumor
TaiwanYF
tydares
uptoyou442
tdares
BSSNC.tw
agritalking
hdares2015
Agribusiness.CU
AGRI.Monthly
TLRI1940
yonglingorganic
taiwannaturalfarming
aogupark
smartagriecosystem
chenluho
Kaohsiung.DAIS
taiwanruralfront
atri.org.tw
BuyDirectlyFromFarmers
hualienfm
TreegardenTaiwan
villagechild.TW
doiefollowme
itree001
farmers.paradise
MASADIFOREST
TaiwanHarvestMagazine
tss.coa
coamdais
funfarmfarm
gyowadeimia
bowtoland.FM
agneeds
ChihnanNatureCenter
agritruth
248mart
Agribizgoodideas
TGA.tw
pepagff
taiwanorigin
cycknc
273223132855225
trainingdevelopmentmg
myfarmap
AGTECH2010
1222249171137553
158027294396034
luodong
1005962589419105
SLNC123
DYSNEC
pabptaiwan
ntifofans
iloveNTYF
Taiwan.Ecological.Farming
tw.farmer.unlimited
246.swcb
655farmsite
iecogroup
144790316172380
agriweather
AlishanEcoEducationCenter
fb.yuanshan
ntucae
globalwinning
FarmerCollegeAlliance
224516147725540
linhousihlin
coamita
NowJustLaugh.TW
jamesiscurly2
kikyuS.House
laosiji6
2206347469437968
dailywisdombread
NowThisMandarin
odanobunagafire
firmament16
prettyeasygirl
TYPHOONJP
ai.Quotes
GaryVeeChinese
fgm105
IAmNotSayingIWasTouched
cbfxaa
kaobeijuqing
tai.diau
yuer666
trainyourself20
統一鐵粉聯盟-837868789721803
52share
katotakabeautygirl
1152769188162404
8794kuang
321904921926775
RepublicofChina1911
alexsaidhi
195653683837672
NonNormal
ObamaKuso
storyandidea
Dailycold
mustseeyoutube
511197462387970
gannner
knowiki
lavenderrrrr
ZhangHehea
iChungLi
chengwentsan
詹江村專頁-229534397097826
ourtaoyuan
pingzhenese
inChungLi
PhDChang
TaoyuanCPD
SCHuangLawyer
lewis2fly
iGuanYin
萬美玲粉絲團-119465751469140
pengwintaoyuan
209216946539069
xinwu0914222444
1537741526464370
yanglihuan
SMY2018
shenchuan8511
111276622250667
yoyo0715
OY2018
18NIUstart
155906881874882
lee0928123488
503538806428982
249752052131151
cwchien617
hccjack
kentechen
124527090974795
wanru1000
cwhsu2016
LiHuaGuoTaoyuan
tw3682906
1623618811301314
yang00516
vlog72
160632274517425
i0937128078
wante115588
leemamacares
taoyuanct
spring.spring.liu
WeiyunLongtan
amy0918181821
taoyuan.goodbaba
ChangShiowJyu
jefflin48
upin038
gaho4573699
Amuy.Muwakay
944292082256290
Taoyuan.Huang.yungchen
648923528523114
JackLin0921
1071666602974898
super4280606
Neili.City
1760767547564584
BacktoTao
Liao.Wiison
shihyuehsu
224048024739982
164420207551103
GETGREEEN
TheReacherTW
prussianbluesland
insect7373
CommitteeOf300Cats
KowlooniaComic
122154435006669
nappingwhale
CitizenTAI
612283128900350
品觀點生活-455028895317975
politicalmemes689609426
母湯害台灣-365926224009065
TWHandson
CryFather
luxurybear
justadullan
rookiebaobao
OppaTusBar
kmtbye
wacowbei
BambooComic
1313645468662281
MR.Marker.TW
bratologist
Taiwanball
RightSlap
ZCH.Hime
papamoney
500MeganBear
HailHysendra
EJ6661000
jia.dong.lin.art
eventshorizonspace
1543655752562304
towakeup
ikaridon
cccatccc
LSSTHYMO
210100188210
1472939446282503
774619326069987
536206556848566
GermSir
TWCrazyHospital
iSTAYREAL
GogoroTaiwan
OTS沖繩租車公司台北事務所-1997608923815843
GENQUO
drsitaiwan
grassphere
lohashealth.ksk
zeronetech
dresseum.tw
hokishop88
toko.indo.hp.angel
RtiFanpage
AgoengTaiwan
timedia.tw
indomoney
OFWTv.RadioGELLfm98.7
www.aseantravel.com.tw
garuda.formosa.tv
kethondailoanvietnam
Bandienthoaitaidailoan
HuongArmani
fanfan202030
tsaiingwen
TerryGou1018
llchu
wudunyi2017
easycard.tw
fininnotw
OwlTing
coolwallet
twpaybyphone
MultiCharts.fans
mrblock.tw
UUPONTW
gashpoint
KobeCoinCircle
OKCoinBTC
eth.taipei
c9530540
chuxinearth
SmokeWeedIsBadForYou
mazu.qishan
TheWudeTemple
243347089085690
FgsBm
190535000969069
since1684
taipingmatzu
FuanTemple1662
Tainan.Temple.Cultural.Inheritance
tsasf
tongangong
124515180952114
ty.hkk.tw
dgdonglong
weiling.org.tw
hsinkangmazu
beigangmatsu
Dajiamazu
TszTakTemple
haotiengong
nkstemple7863711
416418918565619
115131071836739
654816727982310
TaiZiTanJiaoBanTuan
fuangong
ChanghuaMazu
dizachansi
twtemplenews
207389372606189
sbmzf
peitiangung
bstmz
fatzang46
SheKouMa
626050774219069
Tainansharlin
MailiaoMatsu
207270565959077
TszTakTemple1
machientemple
taizhecreative
wucimazu
Jason.Lin.0916149130
ShouTianGongTemple
sheng.ti.temple
209987445704500
duckmothermazu
186179344780280
FAPD8P
ChanghuaMazuChildren
243186255847921
douliuma
BanQiaoCiHuiGong
Tsaekang
Sanxia.Matsu
ChuangYiTuan
taipemazu
LUZHOU.NORTHGOD
116056275101395
San.Shia.CihShengGuei
221664684540719
Chia.Yi.tianhou.temple
PeiChiFort
relig.freedom
mygirlfrienddd
kobeengineer
cowbanursing
kaobeicheyou
cowbayBOYF
init.kobeengineer
cowbayfit
kaobeimarriage
903473626385697
CowBeiNCTU
1773011326306709
2cowbaseveneleven
fackyoupenghu
cowbaydive
ChienKuoHate
608804382552187
prayforfriend
hatetnfsh20
890718814285985
1513369348921394
Biotechissuck
cowbaychunghsing
374097612788175
Kaobeiseventeen
bloodandsweaty
CKSH.HATE
cowpxmart
kawbeibm
designer.kobe
kaobeirehab
helldamnboss
cowacc
Foreignworkers
883551525076032
cawnewpowerparty
靠北違規-378618396021693
hatingtngs
1421648451462490
767086920074272
746591865449765
cowbaysurfing
1332567623425336
cowpeiCingpu
cowbawatsons
pizzahateTW
cowbeTSANNKUEN
920879404643887
kaobeiDirectSales
MediaReform.tw
kaobeihusband
kaobeiwife
kaobeiInsurance
hateseightschools
Fxxkhusband
cowbaydirectselling
KaoPeiAnLi
777452468962193
8787teacher
1799098613641287
176503159624689
hateNTU
Fxxkwife
498391077008139
kaobeiM
g8g8g888
kaobeifushin
1618632328380644
taiwan.fishman.bobobo
YPHATER
862391723791057
NCCUHate
1173269216065398
succulentsuck
hateingress
kaobeiTDE
ETtodayPETS
482873861887397
parkcat
ladyflavor.tw
catdog119
YuanQiWangWangChongWuShengHuoGuan
wuyipingimages
rabbit.org
ipetgroup
CatCatPool
tcwangchen
jackydoge
langlangdontcry
dog1314
etm.cat
taiwan.mio
petpetmarket
MaoUp
lllbears
JPAranch
doghome
BMcat0214
homecafe58
mixdogcat
adoptfurkids
PuzzleCatHome
VetKuanhsinling
MerrellTW
mypetclub
twpet
dogcatstar
HotpetsTW
NGO.lovecat
2016.PET.DREAM
catbehaviorconsulter
MOMOCATDIY
CIAOjumbogs
centurypetgogo
121561487923830
cecilialeelittlecatch
TWcatshouse
shopping0857
542708999226892
secondcatcafe
maoningtw
oppachang0414
PetTalkTaiwan
Touching9k
Showbettafish
takedeepbreath
294205734102153
cat266Travel
cat.bebe.susu
sengodacoffee
catsalave
petclubhouse
leslietalkstoanimals
OdoutTW
16yiJi
seedstw
2730.cafe
catcoffee
catcostco
271265149663167
cats.fans.tw
joronafanpage
ibiyaya
FarminaTaiwan
catyalingOcat
541779645957393
FourEyesPetShopCafe
XixiaoMingdWoLuoHanYuJiaoLiu
i.furkid
AFU2015
nicepengpeng0708
877056278991878
meetpets
TheWhoCafe
WakinUpCafeApartment
proplantw
713467708837086
SpringDayPetShopCafe
belinda.coffe
huckandmew
3catk.e
BeerCatTaipei
kittenadopt
cat.jpg.cafe
petalkr
petsdreampark
ohmydogclub
guamtravel
visitguam.tw
bluepersuasionguam
ABC4Fun
jnsdiversguam
455545938259687
272468120020133
1062566087216372
306051466652800
366036904264982
188713928373500
490799678333010
304333973812494
2291000217842185
1092398137584953
448572075517982
358726524848793
1741450289422223
ibinmusic
121570255108696
1566024720346478
grumbleDPP
ROC.Blue.Power
504021696772145
qiqi.news
靠北民進黨-454656575008713
globalchinesenewsunion
701491730046715
2129370967290567
1006889099430655
kmtdppisshit
cbcarmy
getoutdpp
1100522356652838
靠北時事-165534787282102
GlobalChineseAlliance
bigchinalove
globalmilitarynetwork
wenzheng99
GCAironbloodarmy
johncelayo
inability.dpp
GlobalChineselove
perspectiveofasia
focusoftheday
ChineseRising
Islandofghost
GhostIslandNews
chinarises
wanwanaichina
thebeltandroadchinarevitalization
memoryofchina
GlobalChineseTaiwan
nanmenbookstore
aranoyumeji
eslite
232264463601796
icite.fans
KUNPUTW
southeastliberary
ArtReadingCafe
touatcafephilo2016
takaobooks214
molliestoretc
089catbooks
373853160100525
bookvegetable
bookstoreforbeginners
TAAZE
www.abook.tw
duzubooks
KinokuniyaTaiwan
CiaoLucia.gelato
l.h.bookstore
lifestylebookstore
wearepaperbooks
couragebookshop
476730405732879
molliestore
bleubook
artland.bookstore
Fembooks1994
nankan1567
text.apartment
MuMoonReader
tsutayabookstoretw
203747686323648
mibooks
ilovecafemadeleine
littlehousebooks
ema4374k
whosebook
greenbookstore
kuanhsibookstore
Fuxingbookstore
TakaoKaisha
aroomone
FribookerFair
zenith.asbk
ginginbooks
lingobooks.tainan
TonsanBookstore
on.RoomA
tofubooks
everymantw
huwei.salon
yabook1
staytravelerbookstore
suku.fans
lovereadbook
tennesseebookstore
5waybookstore
chengnanbooks
876469435718272
yueyue.company
xishibookandtea
yulan.bookshop
assnforibc
libratory.books
bookstorebookshop
ilandbooks
youhebook
moooonriver
FangYuanStudio
statio.verso
bookstorearound
518426921578481
shimokitazawa.books
tos.zh
1164866106908877
PlayStationTaiwan
YahooTW.esports
SonetPCR
Ubisoft.TWN
kosos2684
TwNikkiNikki
XINXIN08180818
EXPGGTW
bdoglobal
Uzra0505
HearthstoneZHTW
PITW2017
MirrorMediaACG
125578788114068
NeVeRLosEs
caravanstories.tw
ChainChronicleTW
UPMEDIA.GAME
SevenKnightsTW
SonetWcProject
redcandlegames
sgzonline2
OverwatchZHTW
CrimsonNarcissus
DiabloZHTW
JoyBomb.official
sigonogames
WcpTwNews
saving.babysbreath
consultantsondrugabuse
pureteen
ptsworldnews
ptsthainews
ptsIndonesiannews
PtsPerformingArts
listeningeye
taiwansouthtalk
PTSmembership
ptsseries
pts.shopping
pts.fruitypie.tw
129517037766771
黃暐瀚-457915217629934
wb292019
106333513468697
ingrid.vamos
officialrobinkung
230310737026206
drinkwithmario
2282923611939451
eatingli
yunzhu621
edgarlin.vp
KUOPAOLU
hsuyulia2014
karengirl503
voyageurdiary
journalist.hk
loveonmind
TVBSboa0502
appledailyyu
peihsianghung
reporterCYL
dafshoesyaya
nichiahui
1890814701169375
jizhecyq
244881572214552
chcgnews
ss0218
yukai168
fufa168
dafshoesclub
PalladiumBoots.Taiwan
babyview
showtimesport
137237843120851
pomelogroup2005
Allie1118
ErikaShiraishi168
horieiko
HalfSugarAlice
Hizakimomocat
PiriParaPi
mofashop
yami0980592571
1231776243568125
HoneyButterLove31
twcdfamily
oneoveronestudio
maskingtape.tw
lovelyrooom
dotdogstudio
xiaopingtaipei
urtape
pen88tw
Leatai.handbook
shiiiiibi
Pang.Ma.Ma.Art.Shop
aiyabungu
iPaperstore
Qmono.fun
mydearlulumi
510416722464176
taijipen
TaipeiDC
mikeygogo
shiwuting
z0304261
alldayallwrite
ToolsToLiveby
mori.mirror
chinwen.che.works
Guyuselect
happymiketerri
PenTaichung
ejenletterpress
solidartshop
plain.tw
310377508985135
yarnballbox
tpl.stationery
JPshopping2014
proptw
MumMyRoBotStudio
vision.stationery
BandonGroceryStore
WhiteMarket2014
chunlungtech.ltd
Stationeria
62icon
wildkp
2kidstw
teamKPfanspage
437164130276353
635993403161727
139509552814523
465524103567138
zhanghua8382277
HsiehYifong
FM1007Nico
sungweili729
258387768395887
394926941361071
hsinghwi200
陳秀寶-為地方與您同心-2213635748884193
Sufin.Siluko
Lemaljiz.kusaza
173854632674269
powerupJY
lawyerchien
chichiahualien
iloveleechang
hsuchungfu1226
backlee
tainanfish
ou.chung.kai
ariver1972
313919540863
samclick108
mysan.ft
365064850997452
linghit
forecast1228
ziwei.yun.technology
xround.audio
bitplay
ugearstaiwan
SISTALK.tw
lofree.co
eoptaiwan
OldBuilding2.0
ichentsai.md
dw.chinese.traditional
ftvglobalnews
udnglobal
ustaiwanwatch
worldjournalnews
taiwandiplomacy
AIT.Social.Media
stormmedia.global
laowaintd
nihaositgoing
wizard.geo
DeutschesInstTaipei
477071296024920
TaiwaninMUC
czechintaiwan
664687950340026
brtf.taiwan
yaoindia
yzzkgroup
voagd
fotopaseolondon
Taiwaninauckland
TECRO.USA
UPMEDIA.GLOBAL
FormosanAssociationforPublicAffairs
sawintaiwan
Taiwan.in.the.Netherlands
taiwanreporter
TaiwanInsider
210998785327
OranjeExpress.org
CrossingArabWorld
NTIOTaiwan
SwedenTaiwan
newbloommag
Taiwan.Frankfurt
TranslationMattersYi
TAAUSA
taiwan.greece
DanielLiLiDaNian
Taiwan2SP
CentralAsiaPulse
american.politics.watch
520ROC
borderlessmovementhk
321847293815
insightpost
233698246770567
furch.photo
rso3naPhotography
PhotoBeing
snowram
shangdian.photo
fotostp.page
casperwang.Photo
GRsnap
hansyao0204
Star100.tw
kerway.tw
x3xstudio
WonderfotoDay
runacatlove
photostudio.azure
EXIT.NUMBER.NINE
miruna.cosplay
doikuro
AccupaiTaiwan
kris.studio.com.tw
i3Fresh
Huang0515
Superbuymarket
wonderfulfoodclub
DouDouJie
seafoodbest
a806800
Lanyangwater
SHINHERFA
leezeneveryday
wsszc
chihkuotang
qiaoweihaichan
8zfood
fruitpay
FarmDirect.tw
mamabeartaiwan
tsaotun.org
bing9457
foodeatables
wondernanako
hug.com.tw
nicestore888
94ifresh
1638290396181121
gcishop
foodbar.com.tw
BoseTaiwan
gloryearth8888
musichifi
ifitw
yamahaaudio.tw
greenpeace.org.tw
enc.teia
gcaa.org.tw
ecologytw
CitizenoftheEarth
Taoyuanalgalreefs
munch999
sow.org.tw
lovetreelaw
lifeaholic.tw
BlueTrend.Media
TaiwanAirClear
cleanairtaichung
treesparty2014
FormosaCountyBeauty
wildatheart.org
AirCleanTaiwan
TwoStrokescooters
ERFTW
513541995390375
TEIA.npo
234647929885
1339337302827821
827646877291261
tepu1987
160628341256720
EarthDayTW
SuyangAyuBalay
lovecityforest
aqrealtime
LoveTree.org
earthangel0605
greeninside
swimmingintreesea
rocktwycc
twwatch
hlgov
ksnews.tw
Newparadisotw
hualien.enews
nexthl
ajs414
hualiengo
jumphomeman
yoti.life
凱擘花蓮新聞-317360829052356
feds.hualien
hualien.culture
hualien.rainbow
TarokoNationalPark
038news
Hualien.Info
hualienfastnews
hltour
hualien.cc
hualienfb
kuokuo9527
ltn.hualien
abmalltw
HualienCityHall
hualien.137.5
hualien.night.market
daytodaytrip
花蓮生活日常-1732672386978810
吉安鄉公所-525221171003984
hualien.talk
花蓮景點大解密-私房景點推薦-265069341079549
SlothLivingInHualien
hualien.tintin
hltrip
hualiennews
ZhongMingXuan
JIEJIEHK
carson828
626489614067413
caikangyong
aMEI.feat.AMIT
himselina
DingNinglove
322610067885385
191122434245686
chestnuten
pier2art
1537591039837457
lourdes.fans
fufuknows
rainbowblvd
gagaoolalafilm
HelloUncleSanFrancisco
TheBananaGayllery
2014tkcfront
IdiotFriendly
lezsyou
tcckinghong
Cold.Na
sunnyfacecomics
Taiwangays
trashtalk2015
KHpride4
mbpoblog
cafehahatw
praatw
pastorchao
cowbalien
TCLGBTPride
GilrLove.Les
gbookstw
1526339244271448
Tattoonikumon
ruike85
remonafansclub
Fu.KunChi
1765791806973716
forpeople
pan.menan1
LuShiowYen
wang.huimei
MingkuWeiDPP
SunnyMinHuiHuang
LiFaWeiYuanLinMingQin
373795267203
yang.chengwu
UprightYung
CitizensMiaokou
WatchoutTW
pttcitizen1985
DemocracydeCafe
citizens.tw
cictw
ccw.org.tw
LoveChiayi
Chiayinews
onlychiayi
302749313826875
860334320708358
meishanfestival
Labour.tw
chiayicity
TCBCH
iMChurch
ms1952
TCWBC
forabetterpct
Shinlegoshop
ayuechang
apc.gov.tw
ShenAiIndigenousKids
IndigenousYouthFront
PaiLangBlog
Eastcoast.Taitung4
LoChaioLun
jiajia94526
caigezhuanyebinlangtan
Funghikun
hahaha.soga
yeeisyeenomore
letmemenow
273213086675479
1533865249957605
memepowertw
AnimeMemesTaiwan
ACGmemeboxTW
XylographicMemes
MFmeme
183562088983687
cat.memes222
FakeMemePage
carsmeme
everydayameme918
PCRMeme
Music.Memes.Taiwan
weedispower
rainbow.meme.9487
FPGamingTheMemes
ROCmeme
TaiwanIndieMemes
memeofphilosophy
MemeCenturies
Taiwan.Gaga.Meme
starbuckstaiwan
FormosaMuseum
DanteCoffee.TW
MoeHimeMaid
MAIDCAFE2943
RUFOUSCOFFEE
lavender2001
crescendomaid
cafe.kuroshio
irismaid
SteamEdenCafe
hualienchoco
bearandcatcafe
LRMaidCafe
baristacoffee.tw
ToxicApple777
matchcafe
174715529207985
oldmajorcoffee
trustcafe
moonromantictw
214969806403
jimmyshair
Woodxwhite
cafepachamama
B1StyleCafe
ivettecafe
SUFUlabcoffee
laochaicafe
insingerkaffee
SimpleKaffa
AppleMuseumCafe
akatsukicoffee
findlego
slow0529
766746760013130
thenormal.adrc
1715895038652669
mycrosscafe
JiaCafe
darkcornercafe
february.tw
gooddays.G
apartment.giocare
CoffeeAura
yaboo.lalala
winnie90123
Ever.Fountain.Coffee
thecafetrouve
ecolecafe.cafetrouve
SiriusHarp
goodnightpoem
openbooktaiwan
cendalirit
chinaimusic
realseba
unitasmagazine
unitas1987
cmpublishing
moonbearnovel
taibunSKT
poemmovie
cwgroup
natgeomedia
cwbookclub
managertoday
bookzone.fans
read.life
niku790305
gushi.tw
emuse.com.tw
KOJEIBOOKS
books.okapi
bigissue.tw
Readmoo
chenxue1970
TongLiComic
faber0205
ylib.sa
ylibfans
linkingbooks
tripass.net
ecptw
BookLife99
victranslates
locuspublish
bwptw
publishloser
commaBOOKS
readingtimes.fans
Booksoul
Childrenbookmap
AditorWork
guerrillapublishing2014
AVANGUARDTaiwan
556624608080877
wenbeingkong
cwreading
APEXPRESS
mybookTWM
kendamahsinchu
tefenchang
BBCKnowledgeTaiwan
RyeField.Cite
whogovernstw
observertaiwan
storyhealing
kepoelikliong
owlpublishing
wangwenhua
fountainofcreativity
gusapublishing
CrescentFamily
aquariusfans
qdymag
acropolispublish
tafrboinsuco
LondonLifeA2Z
mbatnews
fleursdeslettres
qianyinmagazine
taipei.rights
feedmebooks19
theaffairs
ecusbook
RiveGauchePublishingHouse
ChewPeopleFans
cosmiclove.tw
azothbooks.read
ShuiNiuWenHuaShiYe
flaneur.culture.lab
vspress
EydisTaiwan
worldbookdaytw
daniel.editorinchief
DrMasterTW
klcgfans
klcgamore
aboutkeelung
kcpb110
linminghsunbest
JihoTiun
wayne201817
keelung.bfd
319628701384131
keelungsean
1531753600372020
klgpolice
klsogood
blueminhuang
ilovekeelung
ting.keelung
keelungwalk
keelunghaohan
WeiChung.Keelung
Keelungartsfestival
keelungup
chenyi.lovekeelung
social.klcg
keelungpubliclibrary
1970571143264992
designhouse86
Love4Road
GokuoCheng
ilovenuannuan
408355896023365
strainer23
sining0312
184064628854219
雨港曙光-283186168545762
KeelungSigma
yhy1031225
klchbemuseum
828687763914409
KeelungPortServices
245793928825108
travel.keelung
Keelungoldhouse
klccab
1426166594075971
1724333254469461
220760638020700
Keelung.musume
KeelungYouthFront
keelungoldstory
711love
pairs.tw
0101testnews4
0101testnews3
0101testnews6
0101testnews5
0101testnews2
0101testnews1
tw.vonvon.me
thesecretcake
GHpuff
LeRubanPatisserie
RepublicofChocolate
touched.fans
shunsycake
170620592997111
celsopatisserie
aposo2035.2035
yuchocolatier
SnowFactoryTPE
528287967306671
cheeseduke.fans
queen.house.dessert
18chocolate
monsieurM.TW
gifutosweet
rabbithole2010
HappyDebbieC
originla
touzueipastry
PatisseriePrime
amandier2013
QuelquesP
FourchetteBlanchePatisserie
missbunnysweet
jouonsensemblepa
amocake
lazycafe99
LOVELYCAKEpatisserie
wuniquepatisserie
WAS.CakeHouse
cookiequeens.tw
moonlovers.tw
LambsRibbon
gonature100
escapefromparis2015
MyCandyWedding
3l4patisserie
autumn0901
mooqcupcakes
La.maison.cake.workroom
FuWanCacao
Chaleureux2016
chocoMe.tw
DivaLifeChocolatier
VMDesserts
TalkingChoco
LeRubanChocolat
FeteDuGouter
hellomanabear
mol.labor
ImLabor
1111medical
savefirefighters
1111jobbank
jobsfamily
boycott.pxmart
policeright.tw
TFAUTFAU
ydagov
AntiPovertyCoalition
ystaichung
taiwanrailwayunion
jobgoodjob
hrparterner
rich.gov
tcesa
ShutdownButNotShutup
518bank
helper995
yes123.tw
ChickPTs
cappy0630
VacationQuestion
104parttime
TaiwanOSHLink
118794418476413
likeYS.TW
JobTaole1
189415521101420
hsu0982525642
jobnanny
laborboy.kcg
104jobbank
104go
JobBebe
career.tw
TaiwanLabourFront
APEATW
retire.mocs.gov.tw
142248706473043
job178.com.tw
342783159243220
HR.CPEA
TIWA.FAN
104Manager
plus104
ilove1111
TPBPA
qollie.tw
TWlaboruprising
goodjob.life
miramargolfunion
104rich
KaohsiungMuseumofLabor
1343607152374761
Appleunion
1111Tutor
topsales.club
1111teacher
hunter1111
ilove22K
case518
salary.tw
freewaytollclerk
love.fengyuan
taichungdot
Tainan.Info
Bravo.Neihu
Taoyuan.Info
Taichung.Info
Chiayi.Info
Hsinchu.Info
Yilan.Info
fangliaoness
Nantou.Info
Taitung.Info
Changhua.Info
love.hsichou
NanKan.Club
ZZTaitung
myPenghu
Pingtung.Info
ilovetaitung20110311
tcshengang
Yunlin.Info
i.Kaohsiung
Miaoli.Info
jiali.life
Keelung.Info
i.Taichung
Penghu.Info
iLoveDashi
i.Taoyuan
Kinmen.Info
love.taipei
PanSci
NuclearMythbusters
ilovenstm
NMMST.TW
THUPhys1955
scitechvista
HSWEC
COBOFANS
www.most.gov.tw
narlabs.org.tw
research.sinica
quakeledge
www.taea.tn.edu.tw
phy.bimon
ntsec
magiclass
panevent
sciencemonthly
treevalleyofficial
hoyenshan
studioofgene
280057878830077
rsecology
panearth
noodleswithturtle
QiaohuTIGER
1513333092312238
LAICHIFANS
SPsister
nothingwejun
roseman.hello
angrywholulu
weiweistudio525
gotobuddhaland
beatliu
womaninthestriped
hsiweiC
MaYingjeou
frankcthsiehfans
haulb
chingte
Ysports
sport.ltn.tw
ETtodaySPORTS
164965326883996
dongtwfans
Brotherelephants
nba.taiwan
SportsNote
sportsplanetmag
heartbaseball
LamigoMonkeys
vlsports
Dreamwalker.SwHsieh
unilions
FubonGuardiansBaseballTeam
PIXNETNBA
SportsV.net
CTbaseballteam
ETBaseball
ChiangHungChieh
noc.tpe
WILLWINCHEN
youthgenerator
MLBComic
latishayjchan
lovesportsplus
cyclingtime.tw
pojung0909
VICTORSPORT.TAIWAN
T.S.Chang49
da.village
221473404547455
mmagym.tw
ftvsports
NgayawAke
FairGameTAIWAN
TzuWeiLinTzuWeiLin
CPBLSTATS
SBLtaiwan
funsportyoga
HighschoolBasketballLeague
jeremylin7
InsightBeyondLimits
vamossports1
Lamigo32WangYiZheng
Lamigo21
yanitseng
titan.tech
760079037441060
DP.WomenBasket
SETSportNews
wangsfitness
igo1116
coachjohnnytaiwan
MusicLin2018
CatcherLin
K2-Project-張元植X呂忠翰八千計畫-2258874344335153
Chang.l.y.09
sports.dr.tu
2016panther
2020teamtaiwan
gamerbeetw
tubakurodish
VLBBWEEKLY
CTUSFSSU
Lamigo81PoYuLin
GOking2007
willyoppCPBL
fitnesscouple.pinyi
183231718421878
cpblmagazine
lions13.uni
tpcmax.official
522881497791076
mercuries.tigers
DayuanSportsCenter
kenjonboxing
TSIDAEVENT
TrophyNetwork
vdongtw
charlesyang88
APECSportsPolicyNetwork
appledailtsportsuperbar
dreamersbaseball
CTSBF.EDU.TW
PICTAIWAN.fans
BrotherElephantFansGroup
J7baseball
CF.Chen52FansClub
102049139880324
wikibaseball
HappinessIgarden
jasminetime
colin770628
htrc2004
334660513268411
huacaozhiwuzhijia
KingofSucculents
green.idea.plant
1376810869230736
ljudy66
909596975817933
1407312109483253
NPA4U
TCPB4U
HighwayPoliceBureau
cibcom001
KaohsiungPolice
TWCYPD
tnpd.gov.tw
policetorch
ntpd110
165bear
310212962461242
chpdpolice
CypdLeader
FM94.3PBS
ptcriminal
PingDongPolice
tnpdcic
taoyuan.cid
taichung.police
JiLongShiJingChaJuXingShiJingChaDaDui
baby2police
hchpb.gov
pbsofficialguest
HCCPCIB
moicpu
1228240357324580
tcpbcid
ttcpbcic
CYPDCIB
台灣警察違規犯罪資料庫-183163585724386
274070179407040
tnpdchief
123499834424162
ShenMejiCengWoMenShiJingCha
taronews.tw
KunMedia
Lovingfamily.tw
ourstw
happylosheng
landjusticehk
KaohsiungCentralParkTree
shag.gong
179878862665277
FanTaiNanTieLuDeXiaHuaDongYi
2014TAHA
TamsuiRiverSunset
antiairporta7
NanKanYiShuJiDe
wenzaizun
TAAFE.TW
housingmovement2.0
DQPAT
LongpuAntiEviction
socialhousing
1578009422461674
105759983026
526175220750138
698208913604183
yoyoindia2013
noteinruin
mimikoteam
jorsindo.motor.club
ttbbkk
tcartv
TaiwanMotorcycle
www.motobuy.com.tw
Suhuahighway
safe.traffic
abermin
etaiwanroad
YellowScourge
icypenguinTFC
WeMoScooter
HumbleBiker
zackexplosion
chaileaseautorental
VisionNotTiNY
873382762748021
takupa.parking
UberTaiwan
taxigo.tw
BlueNetRide
55688TaiwanTaxi
178taxi
AvisTaiwan
hjtaxi
parkpayapp
parkinglotapp.tw
KH.TramFans
ILoveKCHuang
Appendectomy
1218017734949604
StabilityOfPower
tibame
iii.engineer
IIIDEITaipei
157355826479
iiiApp
IIIiFIND
SmartTourismTaiwan
carrefour.tw
FamilyMart
HOBBYEAST
wtctw
711open
pxmartchannel
sogoyoung
npmshops
mcdonalds.tw
fixip4
kssogo
amy26394558
haooooooooo
subway.tw
wellcome.tw
IBMTaiwan
landrecords
toysrus.tw
simplemart1
eclife
commonhealth
Drlisaliu
Dr.TN.Huang
ERdoctoreyes
397483190392866
bwhealth
icudoctor
Dr.LinTzuHung
Dr.YNSu
erdrironman
ourtwkid
chihchihworld
TMAL119
TWCDC
cmdrchen
yourgoodoctor
careonlinetw
hpagov
bloggerYangSzuPang
nurseilife.cc
stories.happen.in.the.hospitals
drsuahsuan
iatrophobia
MuJungFamily
understandFM
doctor.patient.love
thrf.org.tw
roadblockaclerk
BookyGirl
nurselearning
ketocake33
435300176641457
biomedview
PHmebaba
HenceBlankSpace
wewe512
powerful.nurses
rtrunninglife
wen8.com.tw
CynicalMed
dr.frank059
ChiangKuanYu
DrCharlotteDuh
SaveTheER
minahahasnotebook
canceraway
clinicalnotes
407248432815601
lazymedformers
ez66.com.tw
NurseTaiwan
jalianglin
MEDLabor
1524308771203238
doctordavkan
icuteaching
DrEpediatricemergency
VictoriaChen.diary
erdrwei
tdrf2012
foracaretw
2015069148720606
consultnurse
109889955814457
感冒麥來亂-1332066013596157
read119
MedicalCommunityAlliance
chensqq
130668140331666
psdrliu
starnic.da
jeanandemini
ANanMOSTA
158896977531186
NurseTuTu
MTXiaoTsai
GreenNuclear.vote
talkthatenergy
TaiwanPowerCompany
momlovestaiwan
WindTAIWAN
tecnt
Antinuclear.org
sinogreenergy
RichieInTheWorld
BOEenergy
taiwanenergy
taipower003
taipowerakai
DENDoENergy
stopnuke
radiationsafety
stopnukesnow
moeaboe
nuclear.power.supporter
307969115955037
nonukestaichung
papanonuke
nonuker
SpecialForceDB
ydnews123
New27Brigade
military.idv.tw
TWsoldiers
IDF.Chingkuo
ng.wawos
265020013687102
TirpitzTirpitzNorth
read.MND.news
TWAntiCommonSupreme
SPECIALWAREFARE
DepMiliTDG
JingchiButy
99young
niceclinic
FJCircle
airlieworld
time.for.taiwan
CWB.TW
ntbt.mof
YICFFF
ihparcheodata
broadcasting.hakka
fnp.gov.tw
studyintaiwan
teendiplomaticenvoys
YPU.NYC
globalihakka
join.gov.tw
tw.iccie
tung.hakka
khmice
hometaiwan
StarFabX
twnationaltreasure
egate.tw
cisa.elearning
hakkamall
nnnnoooo007
AirotaStudio
seal666
cwtaiwan
lolita.taiwan
fukacea4
KrenzArtwork
natsukijia
kokai.tw
195094157238158
liouyuyou.page
taipingservice
limingyen89
TC.AKuo
chenshihkai.taichung
thecharmingclub
taichunglolo
1627016040846724
goldling888
linpihsiu
ch501310
lironghong888
TeacherTinShow
kincyang1
jackylone
jangjiaan
lotus0935952988
howenhai
1563334040557368
tien.taichung
1640641129558127
Hsuanfeng.Hsu
509641349494034
187rain
754076907974497
Love.Chia.Wei.Lai
TCBetter
LOTTO5888
mgyu49
351746128489946
chengchung11
tccjing
397656603985994
nailun1001
PiLing537
1531301717154449
1916178438662694
LineID23761278
857611334427378
52TaichungNantun
658507204537241
y.jen88
TaichungBetter
myishuc0988
1837393259853915
661092573982671
chenpenten
chouyunghong
2059224847727206
kimax61
945847845427050
obs38cherry
wanglizen.coastline
mingonehsieh
JoyceJannn.Official
pingyi2018
LinJuChouSpeakUpForYou
107HomeRun
649863255100311
buzzorange
277698259087166
257351717716391
2553808371360747
changetaiwanforyouandme
kikuChen
PPMasterYang
fenglovedemocracytaiwan
joyloveworld
fountmedia
creativesarcasm
CitizenMemo.tw
twmemory
dolostnews
JungTaiCho
ingvoltunteer
catsfinger
shua0522
iing.tw
timenews
1669899363231519
kolasyotaka.tw
taiwanmarch.tw
hatema1974
DPP.Youth
Voicettank
againstpanblue
tommyhsu47
2273853192676714
OfficialFansPageShieh
LoserOfficeLady
chencj
BDP.Taiwan
Formosabest
410127339046636
newsreference
middleage.taiwaner
FakeTerminator
IndieDaaDee
yousikun.fans
thinkTW
3kirikou
活力邱建富彰化大進步-598218730636680
taiwanhome
911200002290599
newcongress.tw
yuyen.tw
shihchien888
hentaishinbu
loveTaiwanNo1
tsu.org
drollpolitician
775000579287161
234624180072135
681818895240183
Pay1Pay1
chenkuangfu1025
Taiwanmustprogress
116233711745214
Timnonaturalhistorygaisya
Facethe87truth
SaveOurBrain
tangshan.chen
beanstalk893
2018changetaipei
sinjhu0221
voteforchu
221258125316756
nantou.talk
I.Love.Money.KMT
china.juicy.captain
1686053538287127
greenparty.net
dpp.ntc
antiYingjeou
EmperorFang
lycaucus.dpp
373362590787
DrDemocracy
Lowinshit
billypan102
MaYingjeou19748
WellingtonKoo.Taiwan
e04talk
koucc
543477902435917
gaojyhpeng
474237919623248
miss700830
EYESCREAMfans
dappeiformale
Life8clothing
cabbage168
BoBoShop20170429
nettaiwan
loftservice150
emilyemily434
lazyladytw
voce.treasure
KK486
TaipeiWalker.Walkerland
bonnyread.tw
ShopeeTW
futurelab.tw
momofans
Ybestbuy
check2check
buy123TW
bookstw
CitieSocial
pchome24h
LifeWH
AndenHud.com.tw
FavoriteLife
RakutenTW
pcone.com.tw
suntory.wellness
GamaFamily
supersocks.supersocks
50cutoff
aPure.tw
ilovepinkoi
SnatchStoreofficial
loveminiqueen
evaevabyeva
glasses1018
AsiaYo
aholiveshow
OwlTingMarket
babywahaha
cleancleantw
Teascovery
ezbuyTaiwan
EasyFuture16
MiluMilu223
IFit333
derekbed
rakutenclientm
tkec520
iHealth123
Yahoo.super.store
MORRtw
badfriendgoodthing
LimitStyleTaiwan
crazymike.taiwan
chichiqueen
RGMTW
obistaiwan
chin.shoes
BONE.Taiwan
senaoonline
playbox.tw
EnamoR.Stocking
twinselect
vo2max.design
Qbo.shop.tw
twamztw
bear.ispray
tesa.today
payeasy.pinkpower
mycrystalstory
Gplus3coutlet
FangShanLuJiaMango
food123.com.tw
chic.kmu
BigGoTW
SmallBossStore
2124719980963028
eatlohas
icarryme
fridayshoppingfan
fun123.com.tw
1653364128230614
HirokoAkutagawa2014
reikaarikawajpan
monpink1215
neneko.page
shimotsuki18
HIKOCOSPLAY
lovemolove
hakkencoser
luffy0501
rolan666
hashasppcc
kamemeko
ryuugaruda
akatsukitsukasa
KurosawaGoku
eeelyeee
silverluri
ASAJYA
rinncos1221
rukaleeruka
tkakuri
misapage2
COSCAT
Katsurayu
MoonTreeCos
AkunaStyle
1569421709774888
denkakeke.0404
202280959913050
AYAYA1108
cspmilton
aprilscos
TsubasaxCOSPLAY
JasmineMeowCosplay
littlediedie27
knighteros
touki13444
CheeryHandMade
HungCrazyStudio
yokurisu
PunkMaid
HDPVsheer2130
stay.deep.under
Hinata.Saikou
OniHitomi.fanpage
DREAMproject.FB
hanaleecosplay
nejialicecosplay
652212831512288
bemina0508
MakiMakiCosplayLife
newseoera
awoo.seo
imjaylin
tw.seo.school
get.theAnswr
yesharrisTW
seokpn
epromotor
DaMan.tw
wowlavie
shoppingdesign
udesign.udnfunlife
flipermag
seeddesign
designsurfing
I.Love.MyDesy
biosmonthly
idid1225
zeczec.com
designersweek
LinChiaNing.J
videmedia
ixda.tw
WeAreDesignMania
uacgfansclub
ComputerTerminalGirls
Gamedreamer.FCITW
acg.ad2iction
ACG.Sociology
panwenzhong
1383694918554214
thomas0126
yunlin.lishan
benq.tw
HuaweimobileTW
XDSelect
wegossiping
PttTW
pttradio
17talknews
ZenNEWSReview
PNN.tw
pttdailyhot
PTTMeowgoDaily
842040782596962
wenhsuehtseng
happiness.miaoli
268878329957449
pinanchen064
kt.sung.lawyer
lokuehsing
376261345868585
1033664920120333
136073710551203
ngietfa
845531592164492
謝庚霖-160939227919352
ETtodayTRAVEL
Yjourney
kekelovetravel
lioncyber
free.travel
cuisine123go
colatours
travelyam
KKdayTaiwan
fullfen666
brian.in.travel
1onetrip
yoke918
niniandblue
travelbirds
taiwanviptravel
klooktw
ezTravel.tw
flyinghsuan
viasblog.tw
stanleygogo
elvagwan3
timefortaiwan101
goplaybangkok
dafangplay
backpackers.com.tw
fssfarm
estherhsiao0202
tps100.forest
traveltaoyuan
baomeitw
KingdomIslands
ipingtung
chinaairlines.travelchannel
kinmentour
tbrocerv
WulingFarm0510
skyscannertaiwan
tripgotw
aaaleopard
aiko1027
gocampfun
jimmyblog
YMSNP.tw
FlyScootTW
i.set.tour
IFLY.tw
amaryllissblog
OhBearTaiwan
followxiaofei
Alishan.nsa
orchina.net
enjoylifeSun
lovemimiHan
JiaoliuxiehuiTPEculture
AlishanForest
PrincessCruisesTW
EatLovePhoto
1663811730567467
venuslin0113
YuShanNationalPark
niceday.tw
TWNCHEAPG9
dirtyfufu
Traveling.tw
taichungresort
adagio.travel
gobytrain
Playtokyo
swcoast
BWT.voyage
tripresso
iambelle25
fansofworker
TaijiangNationalPark
pacifictour
travelerluxe
SHEIPA.NP
117680221602150
Alina00520
lovejapantrip
sirayatrip
HotelsCombinedTaiwan
besttour.com.tw
parkstaiwan
ecotour
wiselymood
124448500915514
theLinGarden
MuBiao100wanRenDeFenSiTuan
Joycehandicraft
beargotravelling
traveler168
thbroad
tripool.trip
STRAYBIRDS.TW
akitafan
JAtraveling
lfcgexhibition
tripmoment
shuangliou.forest
ccnpapago1
loveoftravel
luludasu
ceciliafang1103
travel.Taiwan10000
showme100travel
even57
Smile.Albee.House
193394524153404
carolcarnival
Japan.Oishii.Zhuan
gotravel.info
rmlove30
kevin7836
xinmediaBV
JapaneseSnacks
tripbaa
miniminitrip
loveabrabbit
wahaha.tw
spunk.tour
hokkaidopapago
bvr.tw
dessertwalkerland
Morristrip
yado.blog
kisara001
lazyneco
discoverhongkong.tw
GuanwunationalforestRAS
TAO12345
blogger.itravel
obltaiwan
0526rurulife
travelYunlin
rich99.tw
lovebkk
TaipeiMapleResort
ktforestarea
PanTravelTW
outsyselect
traveltraveltravel
katebcm
venusjun.doris
chamchamtaipei
fun.life.around.the.world
haylei.info
1597597513847538
kanephoto
adagiotravel.tw
iwalker159
AmandaKyoto
tw.oshiete.goo.ne.jp
yuejinlanternfestival
EZOUTDOOR.com.tw
marinenph
TripGoKing
mykmt
dpptw
TPPfanpage
kmttp
kmtcaucus
Burning.Questions.of.Our.People
CongressPartyAlliance
LifeOBS38
PFPTW
UPolicyKMT
npyoung.np
2211328552421994
2591924264165121
KMTTCC
newparty.antifake
youthbest
TheLeftParty
kyoung.tw
506754166074824
fpg.org.tw
china999
fhltw
1907997019230630
1484012935149364
MinKuoTang
kmtyouth.tw
278918419589226
grapekingbio
phermpep
vinatalady
QQejoy
TaiyenHealth
TTL.BIOTECH
YMB520
febico.tw
BioGroup.tw
bertiebio
leoking888
kimiconsultant
cerberus0812
topspeakerkevin
147868112593502
361608947785560
buffettonlineschool
341211876582621
atselfhelp
adssecuritiestw
jurassic.jewelry
AboveTW
Mr.Option777
enterpriser2.0
NintyGOGO
martin.outstanding
514628498896467
FX110.com1
startingedu
2126182477613570
freedomlifecoachmsk
17funmoney
350896292149191
waterstudycollege1
handi2222
rethinkyourdream
290835271547727
1951969158371537
fxtimetravelersky
103594731018407
malaforex
williamtr2015
AsiaPac.tw
Warrantwinforyou
twdreamsteptw
InternetCreativeSpace
Goojinbo
fxtmcn
moneydoubleplus
MultivariateBusinessSchool
816664078422443
ellenpro.entrepreneur
348866762231614
1939915692934072
netxpa
278271986154161
Beequant
174423323412472
toptraderteam
2260204440913475
money1111bank
274124553284147
1969751879755315
2083971805206827
jacktsainlp
938343089684412
174792639745765
1714835635277627
148958635941008
rockyfans
InvestU.MSFG
vincesuperstar
ATFXTC
1352270704866234
407703069974963
goose168
soonleader9999
actnow100
herohsiaomk
331201207513301
268212534092807
AMZCLUBTW
FoxandTrader
tradeceorichprogram
xeventstaiwan
a191413
bestFXcoach
investdrivers
DRICHTW
wetw.net
561833814220911
nchulib
KSMLMain
ilibrary
303388935849
NTHULIB
399824823406789
NCTULIB
owllibrary.org
NTULIB
132385090142320
199096278202
ksblib
libraryxthinking
tpculib
1171412829538866
tw.pourquoi
viewpointtaiwan
opinion.cw
udnip
894341147287522
talk.ltn
stormmedia.viewpoint
UPMEDIA.OPINION
Pure.Taiwan
ladopost
myformosafans
ZiibookMedia
ETtoday88
newrocreport
fingermediatw
folklore.tw
hahow.in
yottau
hiskio
GoGoCourseTW
1648103928834123
TsaoHower
185426568749070
weitawu.npp
1531945070411063
980393481975230
267670586598018
157079708346148
laizemin
431347027020685
yang0568
dpd88
2107224136189697
1537349666492689
HopeNewChanghua1124
yeh2018
420207998400395
193674121425971
JKFR2.0
162608724089621
straitsmailer
Nmia.Gaming
PttGossiping
558814734296539
ichangego
自由中國之聲-1879693099002926
herostorytw
統一中國中國統一-统一中国中国统一-1403317033298680
freedelaw
365151573916056
DISPBBS
JKFVIP
weiwuyingartsforall
twtimes
npmgov
NTMuseum
cksmhfb
chimeimuseum
NMTH100
jumingmuseum
MoNTUE2011
TaipeiMOCA
taiwanhakurankai
artthav
YCMuseum
goldmuseum
limeishu.org
SCCPTaipei
ntmofa
museum207
sunyatsenMH
YMOA2014
TaiwanNHRM
TainanArtMuseum
National.228.Museum
taiwan.tiles
camorgtw
JUTARTMUSEUM
fgmuseums
beitoumuseum
TaipeiNMH
TaichungMOMA
NmtlTainan
ntaec
新竹市美術館-132572943602407
ntlac.fans
NMPrehistory
479589768728901
guoshiguan
fjumust
LITIENLU.MUSEUM
208967482450175
brickarkmuseum
nckumuseum
aborgines0609
298959370132949
Larrierecour
TNUA.KdMoFA
ChanghuaCAM
AMNTUA
museumms
128083673902784
CHENGCHIHTSAI.MUSEUM
FPGMuseum
Gen.SunLiJen
三峽-李梅樹紀念館-212108025490735
HongGahMuseum
嘉義市立博物館-507920112891453
happydoudou888
433271450634
586534301401320
YST.LMM
唐婆醋-賴唐鴉家庭美術館-頭份-877536282343957
framing.art.museum
BununCulturalMuseumofHaiduanTownship
Zhonglihe
keelunghistory
phlm0405
淡水一滴水紀念館-207233845985150
jiehe158
www.ims.org.tw
苗栗縣泰雅文物館-864537370226174
Ngudradrekai
SuChiungArtMuseum
TNHCenter
khaupeKP
isKoWenJeMentallyill
blackgrandmother
ChuChuPepper
HanTingHou
straitstoday
taiwanheadlines
knowledge.practice.studio
619924111375538
bingzhong.wang
127907197272507
muming.yok
立髮委員-胡志偉-關心您-1696785403761644
SuuHengg
apan710
1001317079882909
GangAoYingHuiGuiDaoZhongHuaMinGuo
QPA.tw
TWN.ROC
BlueSkyActionAlliance
中國人民國心-158834641512458
tapproc.com.tw
OppositionCommunist
215301435630782
yu.muming
jerry1021
JANDI.Taiwan
smartm.tw
rulescreative
branding.tw
WaveNetMarketing
dgcovery
RabbieStartup
mrjamielin
smartlinkin.tw
darchentraining
UneedIcare
AnyaChengSanFrancisco
terryfuno1
dtrtthebest
smartCopywriting
no8.io
燒賣研究所-2056479931097227
stevensocial
CommunityFoxS
Gogopartners.tw
LiveTV888
goskyai
adm23915168
ContentMarketingTW
194266073179
brainlecture
Brain.tw
WebGene
isobartw
quotesbydk
iProspect.WIS
web.plan
Oathecnews
newMakemoneyonline
fansbee
CyberBizInc
hellotransbiz
dcplusmmdc
neoMarketingWorkshop.tw
iBuzzResearch
userxper.tw
VOCALMIDDLEpr
SwayStrategy
sosomarketing
mediasphere.tw
honlin.fans
dsaawards
Marketing6668
kuangyaodm
ArmTaiwan
GoodLeftbrain
CloudMileFans
OathTW
expbravo
FET.GoSmart
taiyitopwin
inboundclub
minmaxdc
JuYangMedia
aams.tw
pageboardtw
OneAD.tw
AurobaseTW
omniad.ooh
VponInc
McKinseyTaiwan
TMCA.TMCCertification
monicachiu2011
YoCoolCreative
483327668727104
awooDataAnalytics
tenmax.io
nss.club
TAAA.Taipei
julie88888888
himctw
marketing.sop
AsiaTurbo
bobii.com.tw
greatidea.tw
699954133367208
163618927121862
mikahub
UiGathering
content.taiwan
tangweiwei.com.tw
usagi424
adultexpo.com.tw
dcctw
ccwork.tw
accupass
btbizclass
kktix
thehpx
kmttp66
wenshan.cu
Jingmei.Association
swiiodaan
cysdaan
daan.cogsh
rododohotpot.Taipei.DaAnXinYiStore
daangoodlife
lightfitness1.0
李慶元-863388347084952
daanswimpool
taishin0800580697
TrueloveDating999
aestheticell
xuexuefb
teach4taiwan
HSNULOVE
sce.pccu
zashare.expo
flying.crazyer
hexschool
coolenglsih
citywanderer
ScieTrans
hef.tw
ExpandeScientia
twcertcc
TaiWanQinZiGongXueJiaoYuCuJinHui
megachineseclass
numeracylab
forestschool.tw
internshipboard
chaiyenwu
educationradio
EFTaiwan
teachersblog.tw
kingcarorg
ACCT2014
SITCONtw
NoHighTuition
taidaschool
1023380141053376
ISF.CWITW
MeiChengYinLou
onlyyouGIA
jiazhen.jewelry
Jackieggl
SoufeelJewelryTaiwan
JADELEARN
AuctionsEmpire
jadegia.official
Y.M.S.shop
gaharu119
Jewelry.World.TW
kaunda168
wu.chaoming
lingemworld
JDAgarwood
destijl.taiwan
dodowu2013
dragon16888
1300342110031594
shinggijewelry
JI1999
yujingShiang
PrincessDiamondWorld
hjgiadiamond
VendomeSquare
zrisun
WangYueYaw
BrilliantiaJewelry
YunYunSunYYS
queen.daddy
152673014791535
yuanshan2015
LD.dimaond.com.tw
LaitaianGemLab
ShinMeiInternational
lovebeardodo
1580458995572700
fastreusecom
amy033260616
LoveMystere
1578875545714488
Jewel.TW
dj168
fashionwaltzfw
BuLeiShaw
adaymag
waitforyou77
udnSTYLE
Dappei
ETFashion.tw
0522raven
fashionlittleboy
1613305825579426
goodjoinyou
beyond7tw
940294359358603
lcfefforyou
1584379001576217
419867271697177
twsufferer
saynomsm
andyes972
walkwithlgbt
southmaker
venue.tw
monospace.tw
PunPlace
ImpactHubTaipei
kafnutaipei
HourJungle
Tcoworking
Ankeng43
UUmouth
ACIDLAB2015
ccwork.terminal
futurewards
ntutec.garage
8meters
homispace
FabcafeTaipei
keepworkingtaipei
rollinginlife
2192294121057675
CymkingSpace
CLBCTheSoapbox
MakerbarTaipei
takeaseat.com.tw
crosspoint0505
makerlab.tw
SpaceShare.Taipei
PleySchool
bigfunboardgame
bgnationstw
edu.papacode
swanpanasia
AgricolaFarm
JOOLBGClub
2plusgame
sunnyboardgame
HSLBG.tw
Wasupstudio
KangaGames
dragoncavegames
mozigames
DeRoot
diceman.center
ingame11
boxbg
wanderland5981
Lydia628
smallwen53
eztalk
otsukaka
moolingcow
icebonla
VIVALIWA
hsiehyunglin
englishbulldognana
825046740861262
wawayu2011
minisotaiwan2016
iqc.com.tw
8525carehelper
NTCDementia
affixhealth
1781645211953729
781163922048200
care4cook
tltcsh
tltcma
MilitarySpokesman
NFA999
motc.gov.tw
NIAinTW
land.moi.gov.tw
macgov
boft.gov.tw
537968083018754
mail.nca.gov.tw
496677267083668
translatebyHANEKO
Mr.sTranslate
JayCeeWTF
SandTranslate
hannahkuan13
translatedbytonytsou
bclowy
FlaksInterpreting
Moondacer
narumi.nihongo
ReneeInterprets
vivalatinotw
syuanhuanjin
stuff.translators.make
BradKiddstranslatebuddies
longtata.nightfury
rethink.tw
returntojapan
TTHRA
citizenfronttw
700366036804518
DailyView.tw
xfuture
group.dailyview.tw
DeepLearningTW
aiacademy.tw
MarketingDataScienceTMR
sfi.data
infoofinfographic
106134506118903
imDataMan
QSearch2012
shujvfenxi
TheLnData
PurestorageTaiwan
TradeSparqTaiwan
donhonclubcom
OpenData.tw
futuresports
Opview
davidperspective
twdsconf
gssc45029214
Tw.R.User
VponBigData
QuickseeKTW
chainseaofficial
uMaxdataTW
datayogurt
1635939926643723
eowapp
taiwanstat
wantpoll
data.visualize
SpicyTaiwan
LiXingZhongliXuanMin
388648018602995
2712556112151468
903187446394890
weloveKSLin
TaiwanNeutra
freemarketfreepeople
356257371790382
Terryfansclub
taiwan.wish2014
反蔡英文粉絲團-257062087822640
chwanshing
1531240823824854
garbagestoryboy
VOV8989
DPP.is.cheating
pearl.ghost.island
HyuuiHuangMkI
ExitNo0
mumbaidays
haoh.peggy
987NewsTaiwan
bamau0113
cowmediatw
753565324765609
KBtaidu
BWSCA
citizen1495
521039774768201
peacefulsummernoonaftercoup
initialDPP
jim0322
KaobeiDDP
Gyanimals
21furu
itistheeconomystupid
ensigngirls
MaYingjeouseal8.com.tw
kickpeople
brianwuhsianghui
ChuChuNews
ZhongGouShiBao
TWMomGuardian
hate.political
okok9872001
lovekmt
RepublicOfDaiwan
thinking4public
prof.tsai
citizentai.boss
FlySwatterTW
285395225466978
537638236363545
191631961189544
519254758139571
2066580520072349
sharereads
bleaksolitude
admiralyangteatalk
idemocracy.asia
TPEBBirds
IssueRepublic
winsige
948253795227159
fairmedia27086000
BornInTaiwan
P889966
sunnysnail.roc
goforTaiwan
CreateDialog
2238701889716541
158517831018557
hateworldphilosopher
newsyesornowuoright
PoliticianSong
ideasonnews
HaterIsHere
DaDaTsai689
lookingbeyondborders
FightForFairTax
ROCtruth
ZhengFuHunDanTaiWanWanDan
taipeidome
tdw2008
antiblacktw
tinglegion
kmt.roses
737551019763338
NoGreenGuards
nopicturenopicture
dmrq909
ChinaNewPower
wheretofindthemfatcats
jimmyforeverfans
machiko324
superstarweare
weicomic0123
BAMBOOVIII
illustrator.curly
WalkingOWL
myminitommy
38AMEOW
worldgoodwebad
BearBearJoke
lovelittledeepblue
MANAISNOTENOUGH
River543
alwaysfux
mankenlive
ilovelachi
JennieCongee
10secondsclass
Zzifan.z
simpleinfo
iampencilbox
IamBlackHead
weiyisyuan0331
jokeman87
brownnnin
lovelycory
off60fans
miqlin66
gilascomics
MissCyndiLin
fishanlife
croter.taiwan
rockat.manga
GirlStrongAsMountain
zakurokun
fjumonkeystore
ilovedoki
peanutsdepravitydiary
blackiechen.lovelife4ever
ashin555
SoniaSuiOfficialFanPage
AlyssaClub
tsengwanting
1509106909358665
imkarenhu
immeifen
115755255142742
Lulu.cti
JiuYiYi
ciaojoanne
posenkid
linichen.net
vivianhsu0319
amanda.chouuu
JJLin
chord0415
love.yuweishao
hsiaoting.nikki
nickeveryday
janethsiehonline
ChilingLinOfficial
plungon
Liangche
jackywuofficial
215284508554469
115291309774
jasper.liuyihow
125902897472331
119875268029001
134264889922819
june.tsai.official
eagleBii
93jqq
LegoLeeFB
rubylin0127
ted0307
110980425606169
QiuShengYiwangZiDeYongDunQun
2015GOGOGO
jamsclub
iamyaoyao
IsShow
kunda318
xiaotiantian0913
amber.fans
monster531
Captain.Lu
ethanreporter
boommini
Angelchu0831
thetiffanychen
nikita5201314
vicky.fans
imayday555
phoebe0718
128618240509551
FanFan.official
tonytonysun
GEORGECHANG2014
lanshinmei
himhebe
HuangYuHsien0309
officialpattyhou
223095401493
yinyin618
yu.beauty.belle
Rene0601
sharongarden1111
122397534534011
taiwanayumi
Leeleezen
dayuanfans
foncin
SandeeChan.musicface
PINKPIG2012
TracyChou110
332217993489316
yuxinuna
renrongrong1122
KristyChaRayOfficial
pattywu29
MV0614
TengTeng2006
YuLin1224alan99222
AlinaZheng
leechienrong
Nanaonly
0630puffkuo
leeyufentialee
177014655656360
xiaoxiaoyu.family
122355981186846
ann305
WuChunHsieh
TaiwanHappyFamily
lovecherylyang
0604rainie
huaghyihao
GUIGUI811
LeeChienNa
taylorswift13.tw
huangroro
Weibird.official
cmcmusic888
2MOROanguskuo
mandytao0620
nita.fans
sungyuhua
missgreenchen
417387255014946
iamOneFang
lovewaa
sumingfans
yanxi531
HannahIFC
iamrengirl
himella
jay
aaronyanmusic
vega.iam
ZOE1022.tw
changlitung
LikeHeroTai
sayhellotoping
Claire.fans
IsYukiHsu
162993003740
234837349905309
iamkenjiwu
atotheda
Mododo
402603573197908
KenLin.Fans
ValenHsu
IsMayDay
alisa.fans
leehom
AnnieChenOfficial
ningchang9.4
EasonChanOfficial
joseph1228tw
juzi3068
33052473779
FireEX
yogalinmusic
homei0416
HaorMusic
161613903852143
willpan23
NightKeepers
danielshashasha
shehimmusic
sodagreen.band
yousheng0609
ke.zhendong
dafa.chen1112
wunienjen
ss.swallow
ashisayhi
crazygodsandra
hushandhear
populady
tmrevolutionofficial
SanCheng624
1088027454701943
oscarhsieh123
Sweet.Yunlin
tsaichengyuan
lupinstory0917
chiaochien.sh
roychou.tw
1668667720019182
732213690235126
LOV5858
laifengwei
200848480708705
Taitungaprilyao
304301542939242
huanghuagang
Changhsienyao.Taipei
huashanlunjian
Law19720526
roc.lu.1994
seanlien2014
ngo176885
jshihwei
KinmenMyLove
800warriors
909028019130992
1933194883600767
san.diego.kmt
265153297154247
Chineseyounger
love2soong
ptdrsu
2020反蔡英文暴政聯盟-713861188718055
undercovertsai
CNL1905
wonhowgood
258593788216155
hcclovelife
chiuhsingyang
huizhen0128
ilovechiehmeisha
李成蔭-482275195625664
300218690080036
excaliburtaiwan
Young.Love.Yunlin
soong2016
1446852675538574
ChengLiwen2018
winner.helen
chiuyifeng2019
wudunyi
飛越論壇_有新聞真好-303293466743607
167502913676964
145943428788223
shesinging.tw
jjaacckk007
161495644051681
1977yichen
rocmainlandunification
kokmt.tw
DoNotBullyCYC
200755723589700
taiwanreport
presciencetw
1259800640862189
CGA4U
oactw
ROCNAVY.tw
ROC.armyhq
epaper.edu.tw
radiotaiwan
NTBNA
ntch.tw
mohw.gov.tw
WenHuaBu
cipas.tw
ntbsa
ntbca321
sinicaedu
ChangTax
twtjc
ntak.gov
RailwayPolice.ROC
csdtraveller
mlftax
www.hakka.gov.tw
tacp.tw
taitung.gov
liuduihakka
hltb.gov.tw
taichungtax
moeaidb
pttbgov
smea.gov.tw
176192819098446
chiayitax
chutax
PublicHealthNote
148236741926852
YunlinCountyGov
210848999114046
tntb100
dot.gov.tw
customs.tw
einvoice178
yunlintax
hakkapark
TaiwanRailwayAdministration
southtaichung
elandccb
www.hcct.gov.tw
KLCS.gov.tw
189616624426618
startuphub.tw
kltbtax
xinshe103
taipei.customs.gov.tw
ncc.gov.tw
ey.pcc
KHHcustoms
tytax1
hepingdist
216764645016527
AviationPoliceBureau
364283570335956
ehousekeeper
tccfd800
cyhtax1
investintaiwan1
TCCcustoms
kanban888
627875770629369
queenfansclub
mapleduh0703
thisisbiga
corn88888
MollyChiang312
berrywaberry
orangedog2002
mikageyoru
lovehachi
2hyperlife
DrPeterFu
fionslife
selftaughtgourmet
rabbit38844
caramelgreen
mikacheng0310
joyaijia
wkitty0518
tiffanychung0118
junblog
blue19cheese
mercuryweird
dtmsimoncook
natalie1128
ufglobe
Energy800516
MAKEUP.VIVI
anotherwt
plusheart818
kaistraventure
sylwang
HanksDiary
luffyimcoming
FansParty
fredjamecom
DouBiUncle
jieidv
swan0527
amyhuangwenyi
isofun
ppmtbricktown
506960246304650
ETtodaySTAR
ETtodaySHARE
ebcstar
udnstar
star.iset
ET.Lemons
GQTaiwan
ETtodayBEAUTY
tw789.net
Everydayhealth.Taiwan
gv.monthly
cheers.tw
SMediaLife
health.tw
ETtodayPOLITICS
ent.ltn.tw
MOTO7.net
YahooAutosTaiwan
887579934632769
udntourtheworld
toypeople
tvbsteatimenews
ebccar
taisounds
udnautos
wishnotekstar
kakalopo
Crossing.cw
MINGWeekly
PopoECA
DTMMAG
carlink.auto
7car.tw
kakalopo.news
auto.ltn
vidaorange
TaiwanMplus
opinion.udn
everylittled
MirrorMediaFoodTravel
DECOmyplace
udngame
carnews.option
ETtodaySPEED
theopenhair
want.ctw
ilikeheho
AppleEnews
international.news.cna
kingautoz
overdope
top1health
fortunetimes
wehousemedia
wwcte
Martialabhk
G8IKER
EsquireTW
ArtReport
TopRiderOfficial
BuyCarTV.HD
mensuno.taiwan
MirrorMediaEnt
Tnn.today
daodutech
BlockTempo
carnews.tw
istudytw
Taiwan.FHM
rmi888
fooding.tw
LDopeCom
digimobee
Punchline.asia
TaiwanOrganicLifestyleMagazineNews
GoodLocalNews
ProjManager
1media.tw
AppledailyNIJ
sharpdaily.tw
4wayvoice
healthforall1985
bookrep
1688safety
appledailytree
nextent02
panx.asia
tastebest
bugsynight
beautybaysnews
TaiwanLihpao
StandPost.tw
nextcel01
globalvoiceszh
tnl.lifenculture
TaiwanInteriorDesign
g0v.news
vita1997
DCView
appleintnews
mparknews
CommonWealthEconomicForum
appledailyjury
footwork01
nexttw.tech
weatherrisk
281582972698207
atung.taiwan
sunwei038563787
Kuantingvision
AkiraChenFans
nppyuhsien
mingdar2591344
BlackYiOfficial
Mayor.Penghu
coco99999
576324405733026
fengfans
NewMoneyTree
AZhongTPE
1571724343041507
yaolmfans
annettelu.vp
ShenFuHsiung
flowerhome520
2100593050168960
